[2024-12-15 14:23:53,718]: INFO: loader: Loading faiss with AVX512 support.
[2024-12-15 14:23:53,718]: INFO: loader: Could not load library with AVX512 support due to:
ModuleNotFoundError("No module named 'faiss.swigfaiss_avx512'")
[2024-12-15 14:23:53,718]: INFO: loader: Loading faiss with AVX2 support.
[2024-12-15 14:23:54,038]: INFO: loader: Successfully loaded faiss with AVX2 support.
[2024-12-15 14:23:57,204]: INFO: common: YAML file 'config\config.yaml' loaded successfully.
[2024-12-15 14:23:57,211]: INFO: common: YAML file 'params.yaml' loaded successfully.
[2024-12-15 14:23:57,211]: INFO: common: Directory already exists at: artifacts
[2024-12-15 14:24:04,128]: INFO: SentenceTransformer: Use pytorch device_name: cuda
[2024-12-15 14:24:04,128]: INFO: SentenceTransformer: Load pretrained SentenceTransformer: paraphrase-MiniLM-L6-v2
[2024-12-15 14:24:47,138]: INFO: common: YAML file 'config\config.yaml' loaded successfully.
[2024-12-15 14:24:47,147]: INFO: common: YAML file 'params.yaml' loaded successfully.
[2024-12-15 14:24:47,148]: INFO: common: Directory already exists at: artifacts
[2024-12-15 14:24:52,725]: INFO: SentenceTransformer: Use pytorch device_name: cuda
[2024-12-15 14:24:52,725]: INFO: SentenceTransformer: Load pretrained SentenceTransformer: paraphrase-MiniLM-L6-v2
[2024-12-15 14:24:55,769]: INFO: streamlit: PDF Processing Stage started
[2024-12-15 14:24:55,777]: INFO: common: YAML file 'config\config.yaml' loaded successfully.
[2024-12-15 14:24:55,779]: INFO: common: YAML file 'params.yaml' loaded successfully.
[2024-12-15 14:24:55,779]: INFO: common: Directory already exists at: artifacts
[2024-12-15 14:24:55,779]: INFO: stage_02_pdf_processing: Starting the processing of multiple PDF files.
[2024-12-15 14:25:01,893]: INFO: loader: Loading faiss with AVX512 support.
[2024-12-15 14:25:01,893]: INFO: loader: Loading faiss with AVX512 support.
[2024-12-15 14:25:01,893]: INFO: loader: Could not load library with AVX512 support due to:
ModuleNotFoundError("No module named 'faiss.swigfaiss_avx512'")
[2024-12-15 14:25:01,893]: INFO: loader: Loading faiss with AVX2 support.
[2024-12-15 14:25:01,893]: INFO: loader: Could not load library with AVX512 support due to:
ModuleNotFoundError("No module named 'faiss.swigfaiss_avx512'")
[2024-12-15 14:25:01,893]: INFO: loader: Loading faiss with AVX2 support.
[2024-12-15 14:25:01,903]: INFO: loader: Loading faiss with AVX512 support.
[2024-12-15 14:25:01,903]: INFO: loader: Could not load library with AVX512 support due to:
ModuleNotFoundError("No module named 'faiss.swigfaiss_avx512'")
[2024-12-15 14:25:01,903]: INFO: loader: Loading faiss with AVX2 support.
[2024-12-15 14:25:02,049]: INFO: loader: Successfully loaded faiss with AVX2 support.
[2024-12-15 14:25:02,074]: INFO: loader: Successfully loaded faiss with AVX2 support.
[2024-12-15 14:25:02,312]: INFO: loader: Successfully loaded faiss with AVX2 support.
[2024-12-15 14:25:03,910]: INFO: common: YAML file 'config\config.yaml' loaded successfully.
[2024-12-15 14:25:03,910]: INFO: common: YAML file 'config\config.yaml' loaded successfully.
[2024-12-15 14:25:03,910]: INFO: common: YAML file 'config\config.yaml' loaded successfully.
[2024-12-15 14:25:03,910]: INFO: common: YAML file 'params.yaml' loaded successfully.
[2024-12-15 14:25:03,910]: INFO: common: YAML file 'params.yaml' loaded successfully.
[2024-12-15 14:25:03,910]: INFO: common: Directory already exists at: artifacts
[2024-12-15 14:25:03,910]: INFO: common: YAML file 'params.yaml' loaded successfully.
[2024-12-15 14:25:03,910]: INFO: common: Directory already exists at: artifacts
[2024-12-15 14:25:03,910]: INFO: common: Directory already exists at: artifacts
[2024-12-15 14:25:14,146]: INFO: SentenceTransformer: Use pytorch device_name: cuda
[2024-12-15 14:25:14,146]: INFO: SentenceTransformer: Load pretrained SentenceTransformer: paraphrase-MiniLM-L6-v2
[2024-12-15 14:25:14,294]: INFO: SentenceTransformer: Use pytorch device_name: cuda
[2024-12-15 14:25:14,294]: INFO: SentenceTransformer: Load pretrained SentenceTransformer: paraphrase-MiniLM-L6-v2
[2024-12-15 14:25:15,771]: INFO: SentenceTransformer: Use pytorch device_name: cuda
[2024-12-15 14:25:15,772]: INFO: SentenceTransformer: Load pretrained SentenceTransformer: paraphrase-MiniLM-L6-v2
[2024-12-15 14:25:20,540]: ERROR: stage_02_pdf_processing: An error occurred in the Data Processing pipeline: A process in the process pool was terminated abruptly while the future was running or pending.
[2024-12-15 14:26:41,134]: INFO: common: YAML file 'config\config.yaml' loaded successfully.
[2024-12-15 14:26:41,149]: INFO: common: YAML file 'params.yaml' loaded successfully.
[2024-12-15 14:26:41,149]: INFO: common: Directory already exists at: artifacts
[2024-12-15 14:26:48,333]: INFO: SentenceTransformer: Use pytorch device_name: cuda
[2024-12-15 14:26:48,333]: INFO: SentenceTransformer: Load pretrained SentenceTransformer: paraphrase-MiniLM-L6-v2
[2024-12-15 14:47:51,886]: INFO: loader: Loading faiss with AVX512 support.
[2024-12-15 14:47:51,886]: INFO: loader: Could not load library with AVX512 support due to:
ModuleNotFoundError("No module named 'faiss.swigfaiss_avx512'")
[2024-12-15 14:47:51,886]: INFO: loader: Loading faiss with AVX2 support.
[2024-12-15 14:47:51,996]: INFO: loader: Successfully loaded faiss with AVX2 support.
[2024-12-15 14:47:53,922]: INFO: common: YAML file 'config\config.yaml' loaded successfully.
[2024-12-15 14:47:53,929]: INFO: common: YAML file 'params.yaml' loaded successfully.
[2024-12-15 14:47:53,929]: INFO: common: Directory already exists at: artifacts
[2024-12-15 14:48:01,160]: INFO: SentenceTransformer: Use pytorch device_name: cuda
[2024-12-15 14:48:01,160]: INFO: SentenceTransformer: Load pretrained SentenceTransformer: paraphrase-MiniLM-L6-v2
[2024-12-15 14:48:08,607]: INFO: common: YAML file 'config\config.yaml' loaded successfully.
[2024-12-15 14:48:08,615]: INFO: common: YAML file 'params.yaml' loaded successfully.
[2024-12-15 14:48:08,616]: INFO: common: Directory already exists at: artifacts
[2024-12-15 14:48:12,908]: INFO: SentenceTransformer: Use pytorch device_name: cuda
[2024-12-15 14:48:12,908]: INFO: SentenceTransformer: Load pretrained SentenceTransformer: paraphrase-MiniLM-L6-v2
[2024-12-15 14:48:15,880]: INFO: common: YAML file 'config\config.yaml' loaded successfully.
[2024-12-15 14:48:15,886]: INFO: common: YAML file 'params.yaml' loaded successfully.
[2024-12-15 14:48:15,886]: INFO: common: Directory already exists at: artifacts
[2024-12-15 14:48:15,886]: INFO: stage_02_pdf_processing: Starting the processing of multiple PDF files.
[2024-12-15 14:48:20,825]: INFO: loader: Loading faiss with AVX512 support.
[2024-12-15 14:48:20,826]: INFO: loader: Could not load library with AVX512 support due to:
ModuleNotFoundError("No module named 'faiss.swigfaiss_avx512'")
[2024-12-15 14:48:20,826]: INFO: loader: Loading faiss with AVX2 support.
[2024-12-15 14:48:20,834]: INFO: loader: Loading faiss with AVX512 support.
[2024-12-15 14:48:20,835]: INFO: loader: Could not load library with AVX512 support due to:
ModuleNotFoundError("No module named 'faiss.swigfaiss_avx512'")
[2024-12-15 14:48:20,835]: INFO: loader: Loading faiss with AVX2 support.
[2024-12-15 14:48:20,836]: INFO: loader: Loading faiss with AVX512 support.
[2024-12-15 14:48:20,836]: INFO: loader: Could not load library with AVX512 support due to:
ModuleNotFoundError("No module named 'faiss.swigfaiss_avx512'")
[2024-12-15 14:48:20,836]: INFO: loader: Loading faiss with AVX2 support.
[2024-12-15 14:48:20,958]: INFO: loader: Successfully loaded faiss with AVX2 support.
[2024-12-15 14:48:21,138]: INFO: loader: Successfully loaded faiss with AVX2 support.
[2024-12-15 14:48:21,205]: INFO: loader: Successfully loaded faiss with AVX2 support.
[2024-12-15 14:48:22,508]: INFO: common: YAML file 'config\config.yaml' loaded successfully.
[2024-12-15 14:48:22,514]: INFO: common: YAML file 'params.yaml' loaded successfully.
[2024-12-15 14:48:22,515]: INFO: common: Directory already exists at: artifacts
[2024-12-15 14:48:22,653]: INFO: common: YAML file 'config\config.yaml' loaded successfully.
[2024-12-15 14:48:22,659]: INFO: common: YAML file 'params.yaml' loaded successfully.
[2024-12-15 14:48:22,660]: INFO: common: Directory already exists at: artifacts
[2024-12-15 14:48:22,686]: INFO: common: YAML file 'config\config.yaml' loaded successfully.
[2024-12-15 14:48:22,690]: INFO: common: YAML file 'params.yaml' loaded successfully.
[2024-12-15 14:48:22,691]: INFO: common: Directory already exists at: artifacts
[2024-12-15 14:48:28,400]: INFO: SentenceTransformer: Use pytorch device_name: cuda
[2024-12-15 14:48:28,401]: INFO: SentenceTransformer: Load pretrained SentenceTransformer: paraphrase-MiniLM-L6-v2
[2024-12-15 14:48:28,512]: INFO: SentenceTransformer: Use pytorch device_name: cuda
[2024-12-15 14:48:28,513]: INFO: SentenceTransformer: Load pretrained SentenceTransformer: paraphrase-MiniLM-L6-v2
[2024-12-15 14:48:30,002]: INFO: SentenceTransformer: Use pytorch device_name: cuda
[2024-12-15 14:48:30,002]: INFO: SentenceTransformer: Load pretrained SentenceTransformer: paraphrase-MiniLM-L6-v2
[2024-12-15 14:48:33,330]: ERROR: stage_02_pdf_processing: An error occurred in the Data Processing pipeline: A process in the process pool was terminated abruptly while the future was running or pending.
[2024-12-15 14:50:09,851]: INFO: loader: Loading faiss with AVX512 support.
[2024-12-15 14:50:09,851]: INFO: loader: Could not load library with AVX512 support due to:
ModuleNotFoundError("No module named 'faiss.swigfaiss_avx512'")
[2024-12-15 14:50:09,851]: INFO: loader: Loading faiss with AVX2 support.
[2024-12-15 14:50:09,882]: INFO: loader: Successfully loaded faiss with AVX2 support.
[2024-12-15 14:50:12,522]: INFO: common: YAML file 'config\config.yaml' loaded successfully.
[2024-12-15 14:50:12,522]: INFO: common: YAML file 'params.yaml' loaded successfully.
[2024-12-15 14:50:12,538]: INFO: common: Directory already exists at: artifacts
[2024-12-15 14:50:21,284]: INFO: SentenceTransformer: Use pytorch device_name: cuda
[2024-12-15 14:50:21,284]: INFO: SentenceTransformer: Load pretrained SentenceTransformer: paraphrase-MiniLM-L6-v2
[2024-12-15 14:50:29,104]: INFO: common: YAML file 'config\config.yaml' loaded successfully.
[2024-12-15 14:50:29,113]: INFO: common: YAML file 'params.yaml' loaded successfully.
[2024-12-15 14:50:29,114]: INFO: common: Directory already exists at: artifacts
[2024-12-15 14:50:34,074]: INFO: SentenceTransformer: Use pytorch device_name: cuda
[2024-12-15 14:50:34,074]: INFO: SentenceTransformer: Load pretrained SentenceTransformer: paraphrase-MiniLM-L6-v2
[2024-12-15 14:50:37,104]: INFO: common: YAML file 'config\config.yaml' loaded successfully.
[2024-12-15 14:50:37,114]: INFO: common: YAML file 'params.yaml' loaded successfully.
[2024-12-15 14:50:37,114]: INFO: common: Directory already exists at: artifacts
[2024-12-15 14:50:37,114]: INFO: stage_02_pdf_processing: Starting the processing of multiple PDF files.
[2024-12-15 14:50:42,376]: INFO: loader: Loading faiss with AVX512 support.
[2024-12-15 14:50:42,376]: INFO: loader: Loading faiss with AVX512 support.
[2024-12-15 14:50:42,376]: INFO: loader: Could not load library with AVX512 support due to:
ModuleNotFoundError("No module named 'faiss.swigfaiss_avx512'")
[2024-12-15 14:50:42,376]: INFO: loader: Could not load library with AVX512 support due to:
ModuleNotFoundError("No module named 'faiss.swigfaiss_avx512'")
[2024-12-15 14:50:42,376]: INFO: loader: Loading faiss with AVX2 support.
[2024-12-15 14:50:42,377]: INFO: loader: Loading faiss with AVX2 support.
[2024-12-15 14:50:42,379]: INFO: loader: Loading faiss with AVX512 support.
[2024-12-15 14:50:42,379]: INFO: loader: Could not load library with AVX512 support due to:
ModuleNotFoundError("No module named 'faiss.swigfaiss_avx512'")
[2024-12-15 14:50:42,379]: INFO: loader: Loading faiss with AVX2 support.
[2024-12-15 14:50:42,505]: INFO: loader: Successfully loaded faiss with AVX2 support.
[2024-12-15 14:50:42,521]: INFO: loader: Successfully loaded faiss with AVX2 support.
[2024-12-15 14:50:42,750]: INFO: loader: Successfully loaded faiss with AVX2 support.
[2024-12-15 14:51:29,007]: INFO: pdf_processing: PDF processed successfully. Path: 26792
[2024-12-15 14:51:29,007]: INFO: pdf_processing: PDF processed successfully. Path: 136736
[2024-12-15 14:51:29,008]: INFO: pdf_processing: PDF processed successfully. Path: 35869
[2024-12-15 14:51:29,008]: INFO: pdf_processing: PDF processed successfully. Path: 17109
[2024-12-15 14:51:29,008]: INFO: pdf_processing: PDF processed successfully. Path: 30721
[2024-12-15 14:51:29,008]: INFO: pdf_processing: PDF processed successfully. Path: 25871
[2024-12-15 14:51:29,008]: INFO: pdf_processing: PDF processed successfully. Path: 32016
[2024-12-15 14:51:29,008]: INFO: pdf_processing: PDF processed successfully. Path: 105582
[2024-12-15 14:51:29,009]: INFO: pdf_processing: PDF processed successfully. Path: 78102
[2024-12-15 14:51:29,009]: INFO: pdf_processing: PDF processed successfully. Path: 345223
[2024-12-15 14:51:29,009]: INFO: pdf_processing: PDF processed successfully. Path: 922659
[2024-12-15 14:51:29,009]: INFO: pdf_processing: PDF processed successfully. Path: 343644
[2024-12-15 14:51:29,009]: INFO: pdf_processing: PDF processed successfully. Path: 1696
[2024-12-15 14:51:29,009]: INFO: pdf_processing: PDF processed successfully. Path: 30348
[2024-12-15 14:51:29,009]: INFO: pdf_processing: PDF processed successfully. Path: 30490
[2024-12-15 14:51:29,009]: INFO: pdf_processing: PDF processed successfully. Path: 19307
[2024-12-15 14:51:29,009]: INFO: pdf_processing: PDF processed successfully. Path: 19868
[2024-12-15 14:51:29,066]: INFO: stage_02_pdf_processing: Data processing completed successfully.
[2024-12-15 14:58:14,120]: INFO: loader: Loading faiss with AVX512 support.
[2024-12-15 14:58:14,120]: INFO: loader: Could not load library with AVX512 support due to:
ModuleNotFoundError("No module named 'faiss.swigfaiss_avx512'")
[2024-12-15 14:58:14,120]: INFO: loader: Loading faiss with AVX2 support.
[2024-12-15 14:58:14,167]: INFO: loader: Successfully loaded faiss with AVX2 support.
[2024-12-15 14:58:16,422]: INFO: common: YAML file 'config\config.yaml' loaded successfully.
[2024-12-15 14:58:16,422]: INFO: common: YAML file 'params.yaml' loaded successfully.
[2024-12-15 14:58:16,422]: INFO: common: Directory already exists at: artifacts
[2024-12-15 14:58:23,837]: INFO: SentenceTransformer: Use pytorch device_name: cuda
[2024-12-15 14:58:23,837]: INFO: SentenceTransformer: Load pretrained SentenceTransformer: paraphrase-MiniLM-L6-v2
[2024-12-15 14:58:36,661]: INFO: common: YAML file 'config\config.yaml' loaded successfully.
[2024-12-15 14:58:36,664]: INFO: common: YAML file 'params.yaml' loaded successfully.
[2024-12-15 14:58:36,665]: INFO: common: Directory already exists at: artifacts
[2024-12-15 14:58:40,304]: INFO: SentenceTransformer: Use pytorch device_name: cuda
[2024-12-15 14:58:40,304]: INFO: SentenceTransformer: Load pretrained SentenceTransformer: paraphrase-MiniLM-L6-v2
[2024-12-15 14:58:43,170]: INFO: common: YAML file 'config\config.yaml' loaded successfully.
[2024-12-15 14:58:43,170]: INFO: common: YAML file 'params.yaml' loaded successfully.
[2024-12-15 14:58:43,170]: INFO: common: Directory already exists at: artifacts
[2024-12-15 14:58:43,179]: INFO: stage_02_pdf_processing: Starting the processing of multiple PDF files.
[2024-12-15 14:58:48,240]: INFO: loader: Loading faiss with AVX512 support.
[2024-12-15 14:58:48,240]: INFO: loader: Could not load library with AVX512 support due to:
ModuleNotFoundError("No module named 'faiss.swigfaiss_avx512'")
[2024-12-15 14:58:48,240]: INFO: loader: Loading faiss with AVX2 support.
[2024-12-15 14:58:48,245]: INFO: loader: Loading faiss with AVX512 support.
[2024-12-15 14:58:48,245]: INFO: loader: Could not load library with AVX512 support due to:
ModuleNotFoundError("No module named 'faiss.swigfaiss_avx512'")
[2024-12-15 14:58:48,245]: INFO: loader: Loading faiss with AVX2 support.
[2024-12-15 14:58:48,245]: INFO: loader: Successfully loaded faiss with AVX2 support.
[2024-12-15 14:58:48,269]: INFO: loader: Loading faiss with AVX512 support.
[2024-12-15 14:58:48,270]: INFO: loader: Could not load library with AVX512 support due to:
ModuleNotFoundError("No module named 'faiss.swigfaiss_avx512'")
[2024-12-15 14:58:48,270]: INFO: loader: Loading faiss with AVX2 support.
[2024-12-15 14:58:48,399]: INFO: loader: Successfully loaded faiss with AVX2 support.
[2024-12-15 14:58:48,575]: INFO: loader: Successfully loaded faiss with AVX2 support.
[2024-12-15 14:59:16,081]: INFO: pdf_processing: PDF processed successfully. Path: 26792
[2024-12-15 14:59:16,081]: INFO: pdf_processing: PDF processed successfully. Path: 136736
[2024-12-15 14:59:16,081]: INFO: pdf_processing: PDF processed successfully. Path: 35869
[2024-12-15 14:59:16,081]: INFO: pdf_processing: PDF processed successfully. Path: 17109
[2024-12-15 14:59:16,081]: INFO: pdf_processing: PDF processed successfully. Path: 30721
[2024-12-15 14:59:16,081]: INFO: pdf_processing: PDF processed successfully. Path: 25871
[2024-12-15 14:59:16,081]: INFO: pdf_processing: PDF processed successfully. Path: 32016
[2024-12-15 14:59:16,081]: INFO: pdf_processing: PDF processed successfully. Path: 105582
[2024-12-15 14:59:16,081]: INFO: pdf_processing: PDF processed successfully. Path: 78102
[2024-12-15 14:59:16,081]: INFO: pdf_processing: PDF processed successfully. Path: 345223
[2024-12-15 14:59:16,081]: INFO: pdf_processing: PDF processed successfully. Path: 922659
[2024-12-15 14:59:16,084]: INFO: pdf_processing: PDF processed successfully. Path: 343644
[2024-12-15 14:59:16,084]: INFO: pdf_processing: PDF processed successfully. Path: 1696
[2024-12-15 14:59:16,084]: INFO: pdf_processing: PDF processed successfully. Path: 30348
[2024-12-15 14:59:16,084]: INFO: pdf_processing: PDF processed successfully. Path: 30490
[2024-12-15 14:59:16,084]: INFO: pdf_processing: PDF processed successfully. Path: 19307
[2024-12-15 14:59:16,084]: INFO: pdf_processing: PDF processed successfully. Path: 19868
[2024-12-15 14:59:16,132]: INFO: stage_02_pdf_processing: Data processing completed successfully.
[2024-12-15 15:00:29,688]: INFO: common: YAML file 'config\config.yaml' loaded successfully.
[2024-12-15 15:00:29,688]: INFO: common: YAML file 'params.yaml' loaded successfully.
[2024-12-15 15:00:29,688]: INFO: common: Directory already exists at: artifacts
[2024-12-15 15:00:34,142]: INFO: SentenceTransformer: Use pytorch device_name: cuda
[2024-12-15 15:00:34,142]: INFO: SentenceTransformer: Load pretrained SentenceTransformer: paraphrase-MiniLM-L6-v2
[2024-12-15 15:00:37,170]: INFO: common: YAML file 'config\config.yaml' loaded successfully.
[2024-12-15 15:00:37,170]: INFO: common: YAML file 'params.yaml' loaded successfully.
[2024-12-15 15:00:37,170]: INFO: common: Directory already exists at: artifacts
[2024-12-15 15:00:39,613]: INFO: stage_03_text_preprocessing: Starting the text preprocessing.
[2024-12-15 15:00:51,840]: INFO: loader: Loading faiss with AVX512 support.
[2024-12-15 15:00:51,840]: INFO: loader: Loading faiss with AVX512 support.
[2024-12-15 15:00:51,840]: INFO: loader: Could not load library with AVX512 support due to:
ModuleNotFoundError("No module named 'faiss.swigfaiss_avx512'")
[2024-12-15 15:00:51,840]: INFO: loader: Could not load library with AVX512 support due to:
ModuleNotFoundError("No module named 'faiss.swigfaiss_avx512'")
[2024-12-15 15:00:51,840]: INFO: loader: Loading faiss with AVX2 support.
[2024-12-15 15:00:51,840]: INFO: loader: Loading faiss with AVX2 support.
[2024-12-15 15:00:51,858]: INFO: loader: Loading faiss with AVX512 support.
[2024-12-15 15:00:51,859]: INFO: loader: Could not load library with AVX512 support due to:
ModuleNotFoundError("No module named 'faiss.swigfaiss_avx512'")
[2024-12-15 15:00:51,859]: INFO: loader: Loading faiss with AVX2 support.
[2024-12-15 15:00:51,968]: INFO: loader: Successfully loaded faiss with AVX2 support.
[2024-12-15 15:00:51,968]: INFO: loader: Successfully loaded faiss with AVX2 support.
[2024-12-15 15:00:52,288]: INFO: loader: Successfully loaded faiss with AVX2 support.
[2024-12-15 15:01:08,665]: INFO: text_preprocessing: Text processed successfully. Text: ['1950 Patntalal Jankid you a Mohanlal and another Pata1tjali S11stri J', '1008 SUPREME COURT REPORTS 1950 of section of it seems to me they would be bringing the bar of section of a', 'the themselves under respondents can not therefore claim that the loss of the goods was explosion damage within the meaning of the Ordinance so as to bring the case within section of and at the same time contend that the loss was not due to or did not in any way arise ont of the explosion in order to a void the bar under section of', 'both sec ion of and section of have in view the physical because for the loss or damage to property for which compel station is claimed and not the because of action in real ion to the person against whom relief is sought', 'the respondents can not in my opinion be allowed to take up inconsistent positions in order to bring themselves within the one and to get out of the other', 'a would therefore allow the appeal and dismiss the counter claim', 'DAS J agreed with the Chief Justice', 'appeal dismissed', 'agent for the appellants Mohan Behari Lal', 'agent for the respondents a a Shroff']
[2024-12-15 15:01:08,672]: INFO: text_preprocessing: Text processed successfully. Text: ['S C R', 'SUPREME COURT REPORTS 889 the learned English Judges in the first tea case would not be without relevance on the question of sentence in many cases of this kind', 'there can a think be no doubt that businessmen who are not lawyers might well be misled into thinking that the Ordinance and the Act did not intend to keep the order of 1944 alive the Order related to certain specified spices because while the Ordinance and the Act changed the nomen cloture and limited themselves to foodstuffs a term which on a narrow view would not include con moments and spices', 'however these observations are not relevant here because we are not asked to restore in view of that either the conviction or the sentence', 'the acquittal there will be no will be left as it stands', 'further order and', 'order accordingly', 'agent for the appellant P A Mehta', 'agent for the respondent M S K Sastri', '1952 the State of Bombay a Virkumar Gulabchand Shah']
[2024-12-15 15:01:08,672]: INFO: text_preprocessing: Text processed successfully. Text: ['PSEE a in BEEE oEAEEE EvEExE a 2024 THE CONSTITUTION OF INDIA As on st May 2024 2024 GOVERNMENT OF INDIA MINISTRY OF LAW AND JUSTICE LEGISLATIVE DEPARTMENT OFFICIAL LANGUAGES WING PREFACE this is the sixth pocket size edition of the Constitution of India in the pilot form', 'in this edition the text of the India has been brought up to date by Constitution of incorporating therein all the amendments up to the Constitution One Hundred and Sixth Amendment Act 2023', 'the foot notes below the text indicate the Constitution Amendment Acts by which such amendments have been made', 'the Constitution One Hundredth Amendment Act 2015 containing details of acquired and transferred territories between the Governments of India and Bangladesh has been provided in Appendix a', 'the Constitution Application to Jammu and Kashmir Order 2019 and the declaration under article 370 a of the Constitution have been provided respectively in Appendix II and Appendix III for reference', 'New Delhi st May 2024 Dr Rajiv Mani Secretary to the Government of India', 'LIST of ABBREVIATIONS USED Art arts', 'for Article articles', 'Cl cos', 'clause clauses']
[2024-12-15 15:01:08,674]: INFO: text_preprocessing: Text processed successfully. Text: ['THEBHARATIYANYAYASANHITA 2023NO 45OF2023 25thDecember 2023 AnActtoconsolidateandamendtheprovisionsrelatingtooffencesandformattersconnectedtherewithorincidentalthereto BEitenactedbyParliamentintheSeventy fourthYearoftheRepublicofIndiaasfollows CHAPTERIPRELIMINARY1 a ThisActmaybecalledtheBharatiyaNyayaSanhita 2023', 'a ItshallcomeintoforceonsuchdateastheCentralGovernmentmay bynotificationintheOfficialGazette appoint anddifferentdatesmaybeappointedfordifferentprovisionsofthisSanhita Shorttitle commencementandapplication elk kkt kEXTRAORDINARYHkkxII a M1PARTII Section1izkf kdkjlsizdkf krPUBLISHEDBYAUTHORITYlan53 ubZfnYyh lkseokj fnlEcj25 2023 ike of 1945 a a cd a to of NEWDELHI MONDAY DECEMBER25 2023 PAUSHA4 1945 SAKA blHkkxesafHkUui Bla knhtkrhgSftllsfd gvyxladyuds mesa kktkldsASeparatepagingisgiventothisPartinorderthatitmaybefiledasaseparatecompilation xxxGIDHxxxxxxGIDExxxjftLVahlanMhn in you of 0007 2003 23REGISTEREDNO DL N of 0007 2003 23MINISTRYOFLAWANDJUSTICE LegislativeDepartment NewDelhi the25thDecember 2023 Pausha4 1945 Saka ThefollowingActofParliamentreceivedtheassentofthePresidentonthe25thDecember 2023andisherebypublishedforgeneralinformation ii ii did al a 25122023 250883CG DL E 25122023 250883 a EverypersonshallbeliabletopunishmentunderthisSanhitaandnototherwiseforeveryactoromissioncontrarytotheprovisionsthereof ofwhichheshallbeguiltywithinIndia a Anypersonliable byanylawforthetimebeinginforceinIndia tobetriedforanoffencecommittedbeyondIndiashallbedealtwithaccordingtotheprovisionsofthisSanhitaforanyactcommittedbeyondIndiainthesamemannerasifsuchacthadbeencommittedwithinIndia a TheprovisionsofthisSanhitashallalsoapplytoanyoffencecommittedby a anycitizenofIndiainanyplacewithoutandbeyondIndia a anypersononanyshiporaircraftregisteredinIndiawhereveritmaybe a anypersoninanyplacewithoutandbeyondIndiacommittingoffencetargetingacomputerresourcelocatedinIndia Explanation Inthissection theory offence includeseveryactcommittedoutsideIndiawhich ifcommittedinIndia wouldbepunishableunderthisSanhita Illustration A whoisacitizenofIndia commitsamurderinanyplacewithoutandbeyondIndia HecanbetriedandconvictedofmurderinanyplaceinIndiainwhichhemaybefound', 'a NothinginthisSanhitashallaffecttheprovisionsofanyActforpunishingmutinyanddesertionofofficers soldiers sailorsorairmenintheserviceoftheGovernmentofIndiaortheprovisionsofanyspecialorlocallaw a InthisSanhita unlessthecontextotherwiserequires a act denotesaswellaseriesofactsasasingleact a animal meansanylivingcreature otherthanahumanbeing a child meansanypersonbelowtheageofeighteenyears a counterfeit Apersonissaidto counterfeit whocausesonethingtoresembleanotherthing intendingbymeansofthatresemblancetopractisedeception orknowingittobelikelythatdeceptionwilltherebybepractised Explanation a Itisnotessentialtocounterfeitingthattheimitationshouldbeexact Explanation a Whenapersoncausesonethingtoresembleanotherthing andtheresemblanceissuchthatapersonmightbedeceivedthereby itshallbepresumed untilthecontraryisproved thatthepersonsocausingtheonethingtoresembletheotherthingintendedbymeansofthatresemblancetopractisedeceptionorknewittobelikelythatdeceptionwouldtherebybepractised a Court meansaJudgewhoisempoweredbylawtoactjudiciallyalone orabodyofJudgeswhichisempoweredbylawtoactjudiciallyasabody whensuchJudgeorbodyofJudgesisactingjudicially a death meansthedeathofahumanbeingunlessthecontraryappearsfromthecontext a dishonestly meansdoinganythingwiththeintentionofcausingwrongfulgaintoonepersonorwrongfullosstoanotherperson a document meansanymatterexpressedordescribeduponanysubstancebymeansofletters figuresormarks orbymorethanoneofthosemeans andincludeselectronicanddigitalrecord intendedtobeused orwhichmaybeused asevidenceofthatmatter Explanation a Itisimmaterialbywhatmeansoruponwhatsubstancetheletters figuresormarksareformed orwhethertheevidenceisintendedfor ormaybeusedinaCourtornot definitions 2THEGAZETTEOFINDIAEXTRAORDINARY PartII Illustrations a Awritingexpressingthetermsofacontract whichmaybeusedasevidenceofthecontract isadocument a Achequeuponabankerisadocument a Apower of attorneyisadocument a Amaporplanwhichisintendedtobeusedorwhichmaybeusedasevidence isadocument', 'a Awritingcontainingdirectionsorinstructionsisadocument Explanation a Whateverisexpressedbymeansofletters figuresormarksasexplainedbymercantileorotherusage shallbedeemedtobeexpressedbysuchletters figuresormarkswithinthemeaningofthissection althoughthesamemaynotbeactuallyexpressed Illustration Awriteshisnameonthebackofabillofexchangepayabletohisorder Themeaningoftheendorsement asexplainedbymercantileusage isthatthebillistobepaidtotheholder Theendorsementisadocument andshallbeconstruedinthesamemannerasifthewords paytotheholder orwordstothateffecthadbeenwrittenoverthesignature a fraudulently meansdoinganythingwiththeintentiontodefraudbutnototherwise of gender Thepronoun he anditsderivativesareusedofanyperson whethermale femaleortransgender Explanation transgender shallhavethemeaningassignedtoitinclause a ofsection2oftheTransgenderPersons ProtectionofRights Act 2019 of goodfaith Nothingissaidtobedoneorbelievedin goodfaith whichisdoneorbelievedwithoutduecareandattention of Government meanstheCentralGovernmentoraStateGovernment of harbour includessupplyingapersonwithshelter food drink money clothes arms ammunitionormeansofconveyance ortheassistingapersonbyanymeans whetherofthesamekindasthoseenumeratedinthisclauseornot toevadeapprehension of injury meansanyharmwhateverillegallycausedtoanyperson body mind reputationorproperty of illegal and legallyboundtodo Theword illegal isapplicabletoeverythingwhichisanoffenceorwhichisprohibitedbylaw orwhichfurnishesgroundforacivilaction andapersonissaidtobe legallyboundtodo whateveritisillegalinhimtoomit of Judge meansapersonwhoisofficiallydesignatedasaJudgeandincludesaperson i whoisempoweredbylawtogive inanylegalproceeding civilorcriminal adefinitivejudgment orajudgmentwhich ifnotappealedagainst wouldbedefinitive orajudgmentwhich ifconfirmedbysomeotherauthority wouldbedefinitive or ii whoisoneofabodyorpersons whichbodyofpersonsisempoweredbylawtogivesuchajudgment 40of2019 Sec a THEGAZETTEOFINDIAEXTRAORDINARY3 Illustration AMagistrateexercisingjurisdictioninrespectofachargeonwhichhehaspowertosentencetofineorimprisonment withorwithoutappeal isaJudge of life meansthelifeofahumanbeing unlessthecontraryappearsfromthecontext of locally meansalawapplicableonlytoaparticularpartofIndia of man meansmalehumanbeingofanyage of month and year Wherevertheword month ortheword year issued itistobeunderstoodthatthemonthortheyearistobereckonedaccordingtotheGregoriancalendar of movableproperty includespropertyofeverydescription exceptlandandthingsattachedtotheearthorpermanentlyfastenedtoanythingwhichisattachedtotheearth of number Unlessthecontraryappearsfromthecontext wordsimportingthesingularnumberincludethepluralnumber andwordsimportingthepluralnumberincludethesingularnumber of oath includesasolemnaffirmationsubstitutedbylawforanoath andanydeclarationrequiredorauthorisedbylawtobemadebeforeapublicservantortobeusedforthepurposeofproof whetherinaCourtornot of offence ExceptintheChaptersandsectionsmentionedinsub clauses a and a theory offence meansathingmadepunishablebythisSanhita but a inChapterIIIandinthefollowingsections namely sub sections a a a and a ofsection8 sections of of of of of of of of of of of 119 120 123 sub sections a and a ofsection127 222 230 231 240 248 250 251 259 260 261 262 263 sub sections a and a ofsection308andsub section a ofsection330 theory offence meansathingpunishableunderthisSanhita orunderanyspeciallaworlocallaw and a issue section a ofsection189 sections211 212 238 239 249 253andsub section a ofsection329 theory offence shallhavethesamemeaningwhentheactpunishableunderthespeciallaworlocallawispunishableundersuchlawwithimprisonmentforatermofsixmonthsormore whetherwithorwithoutfine of omission denotesaswellasaseriesofomissionsasasingleomission of person includesanycompanyorassociationorbodyofpersons whetherincorporatedornot of public includesanyclassofthepublicoranycommunity of publicservant meansapersonfallingunderanyofthedescriptions namely a everycommissionedofficerintheArmy NavyorAirForce a everyJudgeincludinganypersonempoweredbylawtodischarge whetherbyhimselforasamemberofanybodyofpersons anyadjudicatoryfunctions a everyofficerofaCourtincludingaliquidator receiverorcommissionerwhosedutyitis assuchofficer toinvestigateorreportonanymatteroflaworfact ortomake authenticate orkeepanydocument ortotakechargeordispose4THEGAZETTEOFINDIAEXTRAORDINARY PartII ofanyproperty ortoexecuteanyjudicialprocess ortoadministeranyoath ortointerpret ortopreserveorderintheCourt andeverypersonspeciallyauthorisedbyaCourttoperformanyofsuchduties a everyassessorormemberofapanchayatassistingaCourtorpublicservant a everyarbitratororotherpersontowhomanycauseormatterhasbeenreferredfordecisionorreportbyanyCourt orbyanyothercompetentpublicauthority of everypersonwhoholdsanyofficebyvirtueofwhichheisempoweredtoplaceorkeepanypersoninconfinement a everyofficeroftheGovernmentwhosedutyitis assuchofficer topreventoffences togiveinformationofoffences tobringoffenderstojustice ortoprotectthepublichealth safetyorconvenience a everyofficerwhosedutyitis assuchofficer take receive keeporexpendanypropertyonbehalfoftheGovernment ortomakeanysurvey assessmentorcontractonbehalfoftheGovernment ortoexecuteanyrevenue process ortoinvestigate ortoreport onanymatteraffectingthepecuniaryinterestsoftheGovernment ortomake authenticateorkeepanydocumentrelatingtothepecuniaryinterestsoftheGovernment ortopreventtheinfractionofanylawfortheprotectionofthepecuniaryinterestsoftheGovernment i everyofficerwhosedutyitis assuchofficer take receive keeporexpendanyproperty tomakeanysurveyorassessmentortolevyanyrateortaxforanysecularcommonpurposeofanyvillage townordistrict ortomake authenticateorkeepanydocumentfortheascertainingoftherightsofthepeopleofanyvillage townordistrict a everypersonwhoholdsanyofficebyvirtueofwhichheisempoweredtoprepare publish maintainorreviseanelectoralrollortoconductanelectionorpartofanelection a everyperson i intheserviceorpayoftheGovernmentorremuneratedbyfeesorcommissionfortheperformanceofanypublicdutybytheGovernment ii intheserviceorpayofalocalauthorityasdefinedinclause of ofsection3oftheGeneralClausesAct 1897 acorporationestablishedbyorunderaCentralorStateActoraGovernmentcompanyasdefinedinclause of ofsection2oftheCompaniesAct 2013 Explanation a personsfallingunderanyofthedescriptionsmadeinthisclausearepublicservants whetherappointedbytheGovernmentornot a everypersonwhoisinactualpossessionofthesituationofapublicservant whateverlegaldefecttheremaybeinhisrighttoholdthatsituationisapublicservant a election meansanelectionforthepurposeofselectingmembersofanylegislative municipalorotherpublicauthority ofwhatevercharacter themethodofselectiontowhichisby orunderanylawforthetimebeinginforce Illustration AMunicipalCommissionerisapublicservant 10of1897 18of2013 Sec a THEGAZETTEOFINDIAEXTRAORDINARY5 of reasontobelieve Apersonissaidtohave reasontobelieve thing ifhehassufficientcausetobelievethatthingbutnototherwise of specially meansalawapplicabletoaparticularsubject of valuablesecurity meansadocumentwhichis orpurportstobe adocumentwherebyanylegalrightiscreated extended transferred restricted extinguishedorreleased orwherebyanypersonacknowledgesthatheliesunderlegalliability orhasnotacertainlegalright Illustration Awriteshisnameonthebackofabillofexchange Astheeffectofthisendorsementistotransfertherighttothebilltoanypersonwhomaybecomethelawfulholderofit theendorsementisa valuablesecurity of vessel meansanythingmadefortheconveyancebywaterofhumanbeingsorofproperty of voluntarily Apersonissaidtocauseaneffect voluntarily whenhecausesitbymeanswherebyheintendedtocauseit orbymeanswhich atthetimeofemployingthosemeans hekneworhadreasontobelievetobelikelytocauseit Illustration Asetsfire night toaninhabitedhouseinalargetown forthepurposeoffacilitatingarobberyandthuscausesthedeathofaperson here Amaynothaveintendedtocausedeath andmayevenbesorrythatdeathhasbeencausedbyhisact yet ifheknewthathewaslikelytocausedeath hehascauseddeathvoluntarily of will meansanytestamentarydocument of woman meansafemalehumanbeingofanyage of wrongfulgain meansgainbyunlawfulmeansofpropertytowhichthepersongainingisnotlegallyentitled of wrongfulness meansthelossbyunlawfulmeansofpropertytowhichthepersonlosingitislegallyentitled of gainingwrongfully and losingwrongfully Apersonissaidtogainwrongfullywhensuchpersonretainswrongfully aswellaswhensuchpersonacquireswrongfully Apersonissaidtolosewrongfullywhensuchpersoniswrongfullykeptoutofanyproperty aswellaswhensuchpersoniswrongfullydeprivedofproperty and of wordsandexpressionsusedbutnotdefinedinthisSanhitabutdefinedintheInformationTechnologyAct 2000andtheBharatiyaNagarikSurakshaSanhita 2023shallhavethemeaningsrespectivelyassignedtotheminthatActandSanhita a', 'a ThroughoutthisSanhitaeverydefinitionofanoffence everypenalprovision andeveryIllustration ofeverysuchdefinitionorpenalprovision shallbeunderstoodsubjecttotheexceptionscontainedintheChapterentitled GeneralExceptions thoughthoseexceptionsarenotrepeatedinsuchdefinition penalprovision orIllustration Illustrations a ThesectionsinthisSanhita whichcontaindefinitionsofoffences donotexpressthatachildundersevenyearsofagecannotcommitsuchoffences butthedefinitionsaretobeunderstoodsubjecttothegeneralexceptionwhichprovidesthatnothingshallbeanoffencewhichisdonebyachildundersevenyearsofage', 'a a apoliceofficer withoutwarrant apprehends whohascommittedmurder HereAisnotguiltyoftheoffenceofwrongfulconfinement forhewasboundbylawtoapprehendZ andthereforethecasefallswithinthegeneralexceptionwhichprovidesthat nothingisanoffencewhichisdonebyapersonwhoisboundbylawtodoit Generalexplanations 21of2000 6THEGAZETTEOFINDIAEXTRAORDINARY PartII a EveryexpressionwhichisexplainedinanyPartofthisSanhita isusedineveryPartofthisSanhitainconformitywiththeexplanation a Whenpropertyisinthepossessionofaperson spouse clerkorservant onaccountofthatperson itisinthatperson spossessionwithinthemeaningofthisSanhita Explanation Apersonemployedtemporarilyoronaparticularoccasioninthecapacityofaclerkorservant isaclerkorservantwithinthemeaningofthissub section a IneveryPartofthisSanhita exceptwhereacontraryintentionappearsfromthecontext wordswhichrefertoactsdoneextendalsotoillegalomissions a Whenacriminalactisdonebyseveralpersonsinfurtheranceofthecommonintentionofall eachofsuchpersonsisliableforthatactinthesamemannerasifitweredonebyhimalone a Wheneveranact whichiscriminalonlybyreasonofitsbeingdonewithacriminalknowledgeorintention isdonebyseveralpersons eachofsuchpersonswhojoinsintheactwithsuchknowledgeorintentionisliablefortheactinthesamemannerasiftheactweredonebyhimalonewiththatknowledgeorintention a Whereverthecausingofacertaineffect oranattempttocausethateffect byanactorbyanomission isanoffence itistobeunderstoodthatthecausingofthateffectpartlybyanactandpartlybyanomissionisthesameoffence Illustration AintentionallycausesZ death partlybyillegallyomittingtogiveZfood andpartlybybeatingZ Ahascommittedmurder a Whenanoffenceiscommittedbymeansofseveralacts whoeverintentionallycooperatesinthecommissionofthatoffencebydoinganyoneofthoseacts eithersinglyorjointlywithanyotherperson commitsthatoffence Illustrations a AandBagreetomurderZbyseverallyandatdifferenttimesgivinghimsmalldosesofpoison AandBadministerthepoisonaccordingtotheagreementwithintenttomurderZ Zdiesfromtheeffectstheseveraldosesofpoisonsoadministeredtohim HereAandBintentionallycooperateinthecommissionofmurderandaseachofthemdoesanactbywhichthedeathiscaused theyarebothguiltyoftheoffencethoughtheiractsareseparate a AandBarejointjailors andassuchhavethechargeofZ prisoner alternativelyforsixhoursatatime AandB intendingtocauseZ death knowinglycooperateincausingthateffectbyillegallyomitting eachduringthetimeofhisattendance tofurnishZwithfoodsuppliedtothemforthatpurpose Zdiesofhunger BothAandBareguiltyofthemurderofZ a A sailor hasthechargeofZ prisoner A intendingtocauseZ death illegallyomitstosupplyZwithfood inconsequenceofwhichZismuchreducedinstrength butthestarvationisnotsufficienttocausehisdeath Aisdismissedfromhisoffice andBsucceedshim B withoutcollusionorcooperationwithA illegallyomitstosupplyZwithfood knowingthatheislikelytherebytocauseZ death Zdiesofhunger Bisguiltyofmurder but asAdidnotcooperatewithB Aisguiltyonlyofanattempttocommitmurder', "a Whereseveralpersonsareengagedorconcernedinthecommissionofacriminalact theymaybeguiltyofdifferentoffencesbymeansofthatact Illustration AattacksZundersuchcircumstancesofgraveprovocationthathiskillingofZwouldbeonlyculpablehomicidenotamountingtomurder B havingill willtowardsZandintendingSec a THEGAZETTEOFINDIAEXTRAORDINARY7 tokillhim andnothavingbeensubjecttotheprovocation assistsAinkillingZ here thoughAandBarebothengagedincausingZ death Bisguiltyofmurder andAisguiltyonlyofculpablehomicide CHAPTERIIOFPUNISHMENTS4 ThepunishmentstowhichoffendersareliableundertheprovisionsofthisSanhitaare a Death a Imprisonmentforlife a Imprisonment whichisoftwodescriptions namely a rigorous that's withhardlabour a Simple a Forfeitureofproperty a Fine of CommunityService a TheappropriateGovernmentmay withouttheconsentoftheoffender commuteanypunishmentunderthisSanhitatoanyotherpunishmentinaccordancewithsection474oftheBharatiyaNagarikSurakshaSanhita 2023 Explanation Forthepurposesofthissectiontheexpression appropriateGovernment means a incaseswherethesentenceisasentenceofdeathorisforanoffenceagainstanylawrelatingtoamattertowhichtheexecutivepoweroftheUnionextends theCentralGovernment and a incaseswherethesentence whetherofdeathornot isforanoffenceagainstanylawrelatingtoamattertowhichtheexecutivepoweroftheStateextends theGovernmentoftheStatewithinwhichtheoffenderissentenced a Incalculatingfractionsoftermsofpunishment imprisonmentforlifeshallbereckonedasequivalenttoimprisonmentfortwentyyearsunlessotherwiseprovided a Ineverycaseinwhichanoffenderispunishablewithimprisonmentwhichmaybeofeitherdescription itshallbecompetenttotheCourtwhichsentencessuchoffendertodirectinthesentencethatsuchimprisonmentshallbewhollyrigorous orthatsuchimprisonmentshallbewhollysimple orthatanypartofsuchimprisonmentshallberigorousandtherestsimple a a Wherenosumisexpressedtowhichafinemayextend theamountoffinetowhichtheoffenderisliableisunlimited butshallnotbeexcessive", 'a Ineverycaseofanoffence a punishablewithimprisonmentaswellasfine inwhichtheoffenderissentencedtoafine whetherwithorwithoutimprisonment a punishablewithimprisonmentorfine orwithfineonly inwhichtheoffenderissentencedtoafine itshallbecompetenttotheCourtwhichsentencessuchoffendertodirectbythesentencethat indefaultofpaymentofthefine theoffendershallsufferimprisonmentforacertainterm inwhichimprisonmentshallbeinexcessofanyotherimprisonmenttowhichhemayhavebeensentencedortowhichhemaybeliableunderacommutationofasentence punishments Commutationofsentence Fractionsoftermsofpunishment Sentencemaybe incertaincasesofimprisonment whollyorpartlyrigorousorsimple Amountoffine liabilityindefaultofpaymentoffine etc 8THEGAZETTEOFINDIAEXTRAORDINARY PartII a ThetermforwhichtheCourtdirectstheoffendertobeimprisonedindefaultofpaymentofafineshallnotexceedone fourthofthetermofimprisonmentwhichisthemaximumfixedfortheoffence iftheoffencebepunishablewithimprisonmentaswellasfine a TheimprisonmentwhichtheCourtimposesindefaultofpaymentofafineorindefaultofcommunityservicemaybeofanydescriptiontowhichtheoffendermighthavebeensentencedfortheoffence a Iftheoffenceispunishablewithfineorcommunityservice theimprisonmentwhichtheCourtimposesindefaultofpaymentofthefineorindefaultofcommunityserviceshallbesimple andthetermforwhichtheCourtdirectstheoffendertobeimprisoned indefaultofpaymentoffineorindefaultofcommunityservice shallnotexceed a twomonthswhentheamountofthefinedoesnotexceedfivethousandrupees a fourmonthswhentheamountofthefinedoesnotexceedtenthousandrupees and a oneyearinanyothercase a a Theimprisonmentwhichisimposedindefaultofpaymentofafineshallterminatewheneverthatfineiseitherpaidorleviedbyprocessoflaw a of beforetheexpirationofthetermofimprisonmentfixedindefaultofpayment suchaproportionofthefinebepaidorleviedthatthetermofimprisonmentsufferedindefaultofpaymentisnotlessthanproportionaltothepartofthefinestillunpaid theimprisonmentshallterminate Illustration Aissentencedtoafineofonethousandrupeesandtofourmonths imprisonmentindefaultofpayment here ifsevenhundredandfiftyrupeesofthefinebepaidorleviedbeforetheexpirationofonemonthoftheimprisonment Awillbedischargedassoonasthefirstmonthhasexpired Ifsevenhundredandfiftyrupeesbepaidorleviedatthetimeoftheexpirationofthefirstmonth oratanylatertimewhileAcontinuesinimprisonment Awillbeimmediatelydischarged Iffivehundredrupeesofthefinebepaidorleviedbeforetheexpirationoftwomonthsoftheimprisonment Awillbedischargedassoonasthetwomonthsarecompleted Iffivehundredrupeesbepaidorleviedatthetimeoftheexpirationofthosetwomonths oratanylatertimewhileAcontinuesinimprisonment Awillbeimmediatelydischarged a Thefine oranypartthereofwhichremainsunpaid maybeleviedatanytimewithinsixyearsafterthepassingofthesentence and underthesentence theoffenderbeliabletoimprisonmentforalongerperiodthansixyears thenatanytimeprevioustotheexpirationofthatperiod andthedeathoftheoffenderdoesnotdischargefromtheliabilityanypropertywhichwould afterhisdeath belegallyliableforhisdebts a a Whereanythingwhichisanoffenceismadeupofparts anyofwhichpartsisitselfanoffence theoffendershallnotbepunishedwiththepunishmentofmorethanoneofsuchhisoffences unlessitbesoexpresslyprovided', 'a there a anythingisanoffencefallingwithintwoormoreseparatedefinitionsofanylawinforceforthetimebeingbywhichoffencesaredefinedorpunished orLimitofpunishmentofoffencemadeupofseveraloffences Sec a THEGAZETTEOFINDIAEXTRAORDINARY9 a severalacts ofwhichoneormorethanonewouldbyitselforthemselvesconstituteanoffence constitute whencombined adifferentoffence theoffendershallnotbepunishedwithamoreseverepunishmentthantheCourtwhichtrieshimcouldawardforanyoneofsuchoffences illustrations a AgivesZfiftystrokeswithastick HereAmayhavecommittedtheoffenceofvoluntarilycausinghurttoZbythewholebeating andalsobyeachoftheblowswhichmakeupthewholebeating IfAwereliabletopunishmentforeveryblow hemightbeimprisonedforfiftyyears oneforeachblow Butheisliableonlytoonepunishmentforthewholebeating a but if whileAisbeatingZ interferes andAintentionallystrikesY here astheblowgiventoYisnopartoftheactwherebyAvoluntarilycauseshurttoZ AisliabletoonepunishmentforvoluntarilycausinghurttoZ andtoanotherfortheblowgiventoY of Inallcasesinwhichjudgmentisgiventhatapersonisguiltyofoneofseveraloffencesspecifiedinthejudgment butthatitisdoubtfulofwhichoftheseoffencesheisguilty theoffendershallbepunishedfortheoffenceforwhichthelowestpunishmentisprovidedifthesamepunishmentisnotprovidedforall of WheneveranypersonisconvictedofanoffenceforwhichunderthisSanhitatheCourthaspowertosentencehimtorigorousimprisonment theCourtmay byitssentence orderthattheoffendershallbekeptinsolitaryconfinementforanyportionorportionsoftheimprisonmenttowhichheissentenced notexceedingthreemonthsinthewhole accordingtothefollowingscale namely a atimenotexceedingonemonthifthetermofimprisonmentshallnotexceedsixmonths a atimenotexceedingtwomonthsifthetermofimprisonmentshallexceedsixmonthsandshallnotexceedoneyear a atimenotexceedingthreemonthsifthetermofimprisonmentshallexceedoneyear of Inexecutingasentenceofsolitaryconfinement suchconfinementshallinnocaseexceedfourteendaysatatime withintervalsbetweentheperiodsofsolitaryconfinementofnotlessdurationthansuchperiods andwhentheimprisonmentawardedshallexceedthreemonths thesolitaryconfinementshallnotexceedsevendaysinanyonemonthofthewholeimprisonmentawarded withintervalsbetweentheperiodsofsolitaryconfinementofnotlessdurationthansuchperiods of Whoever havingbeenconvictedbyaCourtinIndia ofanoffencepunishableunderChapterXorChapterXVIIofthisSanhitawithimprisonmentofeitherdescriptionforatermofthreeyearsorupwards shallbeguiltyofanyoffencepunishableundereitherofthoseChapterswithlikeimprisonmentfortheliketerm shallbesubjectforeverysuchsubsequentoffencetoimprisonmentforlife ortoimprisonmentofeitherdescriptionforatermwhichmayextendtotenyears CHAPTERIIIGENERALEXCEPTIONS14 Nothingisanoffencewhichisdonebyapersonwhois orwhobyreasonofamistakeoffactandnotbyreasonofamistakeoflawingoodfaithbelieveshimselftobe boundbylawtodoit illustrations', 'a A soldier firesonamobbytheorderofhissuperiorofficer inconformitywiththecommandsofthelaw Ahascommittednooffence Punishmentofpersonguiltyofoneofseveraloffences judgmentstatingthatitisdoubtfulofwhich Limitofsolitaryconfinement Enhancedpunishmentforcertainoffencesafterpreviousconviction Actdonebyapersonbound orbymistakeoffactbelievinghimselfbound bylaw Solitaryconfinement 10THEGAZETTEOFINDIAEXTRAORDINARY PartII a a anofficerofaCourt beingorderedbythatCourttoarrestY and afterdueenquiry believingZtobeY arrests Ahascommittednooffence of NothingisanoffencewhichisdonebyaJudgewhenactingjudiciallyintheexerciseofanypowerwhichis orwhichingoodfaithhebelievestobe giventohimbylaw of Nothingwhichisdoneinpursuanceof orwhichiswarrantedbythejudgmentororderof about ifdonewhilstsuchjudgmentororderremainsinforce isanoffence notwithstandingtheCourtmayhavehadnojurisdictiontopasssuchjudgmentororder providedthepersondoingtheactingoodfaithbelievesthattheCourthadsuchjurisdiction of Nothingisanoffencewhichisdonebyanypersonwhoisjustifiedbylaw orwhobyreasonofamistakeoffactandnotbyreasonofamistakeoflawingoodfaith believeshimselftobejustifiedbylaw indoingit Illustration AseesZcommitwhatappearstoAtobeamurder A intheexercise tothebestofhisjudgmentexertedingoodfaith ofthepowerwhichthelawgivestoallpersonsofapprehendingmurderersinthefact seizes inordertobringZbeforetheproperauthorities Ahascommittednooffence thoughitmayturnoutthatZwasactinginself defence of Nothingisanoffencewhichisdonebyaccidentormisfortune andwithoutanycriminalintentionorknowledgeinthedoingofalawfulactinalawfulmannerbylawfulmeansandwithpropercareandcaution Illustration Aisatworkwithahatchet theheadfliesoffandkillsamanwhoisstandingby here iftherewasnowantofpropercautiononthepartofA hisactisexcusableandnotanoffence of Nothingisanoffencemerelybyreasonofitsbeingdonewiththeknowledgethatitislikelytocauseharm ifitbedonewithoutanycriminalintentiontocauseharm andingoodfaithforthepurposeofpreventingoravoidingotherharmtopersonorproperty Explanation Itisaquestionoffactinsuchacasewhethertheharmtobepreventedoravoidedwasofsuchanatureandsoimminentastojustifyorexcusetheriskofdoingtheactwiththeknowledgethatitwaslikelytocauseharm Illustrations a A thecaptainofavessel suddenlyandwithoutanyfaultornegligenceonhispart findshimselfinsuchapositionthat beforehecanstophisvessel hemustinevitablyrundownaboatB withtwentyorthirtypassengersonboard unlesshechangesthecourseofhisvessel andthat bychanginghiscourse hemustincurriskofrunningdownaboatCwithonlytwopassengersonboard whichhemaypossiblyclear here ifAaltershiscoursewithoutanyintentiontorundowntheboatCandingoodfaithforthepurposeofavoidingthedangertothepassengersintheboatB heisnotguiltyofanoffence thoughhemayrundowntheboatCbydoinganactwhichheknewwaslikelytocausethateffect ifitbefoundasamatteroffactthatthedangerwhichheintendedtoavoidwassuchastoexcusehiminincurringtheriskofrunningdowntheboatC']
[2024-12-15 15:01:08,674]: INFO: text_preprocessing: Text processed successfully. Text: ['is kaashnii PRESS RELEASE bhaartiiy river by RESERVE BANK of INDIA vebsaaitt wow rib org in hindi Website wow rib org in ii mel email scalar ivbhaag a ii kaayaarly shied hgt sch major photo mu Department of Communication Central Office Shahid Bhagat Singh Marg Fort Mumbai 400 001 phon phone 022 2266 0502 Nbii 400 001 July of 2024 RBI appoints Smt', 'Charulatha S Kar as new Executive Director the Reserve Bank of India RBI has appointed Smt', 'Charulatha S Kar as Executive Director ED with effect from July of 2024', 'prior to being promoted as ED Smt', 'Kar was serving as Chief General Manager in Charge in the Human Resource Management Department', 'amt', 'Kar has experience of over three decades in the Reserve Bank having worked in areas of Payment and Settlement Systems Information Technology Government Banking Internal accounts and Human Resource Management', 'the has represented the Reserve Bank in several Working Groups of BIS and has served as a member of other internal and external committees', 'is Executive Director Smt', 'Kar will look after a']
[2024-12-15 15:01:08,674]: INFO: text_preprocessing: Text processed successfully. Text: ['THE SUPREME COURT REPORTS THE TATA OIL MILLS CO LTD a ITS WORKMEN AND OTHERS S R DAS C J N H BHAGWATI a K DAS P B GAJENDRAGADKAR and K N WANCHoo JJ', 'z959 May5', 'Industrial Disp11 the bonus Gross Profits Extraneom income profit unrelated to effort of labour available surplus Prior charges Retitrn on depredation reserve used as working capital', 'in resisting the workmen a claim for bonus for the year 1955 of the appellant contended that in calculating gross profits for the purpose of the Full Bench formula the following items of income should be excluded i Income earned by way of rent light and power ii estate revenue derived from sale of excess coconuts used in preparing oil grown in the appellant a groves iii profit from sale of empty barrels and in sale proceeds of tin cans scraps Jogs planks bunnies etc', 'as they were extraneous income unrelated to the efforts of the workmen', 'the appellant also claimed that a profit of Rs', 'a las appear in in the accounts due to a change in the method of valuation was no real profit due to the efforts of Jabour and should not be taken into account', 'in calculating the available surplus the appellant claimed that it was entitled to a interest on the depreciation reserve used as working capital', 'Held that the four items were earned by the appellant in the normal court a of its business and could not be excluded from the gross profits on the ground that it had not been proved that the were the result of the direct efforts of labour in the bonus a a a', 'though there must be contribution of the workmen in earning profits before they could be entitled to profit bonus it was not necessary to establish direct connection between the efforts of the workmen and each item of profit earned']
[2024-12-15 15:01:08,674]: INFO: text_preprocessing: Text processed successfully. Text: ['S C R', 'SUPREME COURT REPORTS of beyond what has already been granted by the com any', 'in the particular circumstances of this case the Tata Oil Mills we order the parties to bear their own costs', 'r959 Co Ltd a its workmen and others Wanchooj', 'I959 May6', 'appeal allowed', 'GREAT INDIAN MOTOR WORKS LTD AND ANOTHER a THEIR EMPLOYEES AND OTHERS B P SINHA P B GAJENDRAGADKAR and K N WANCHOO JJ', 'Industrial Dispute Award against company in liquidation appeal by managing director and auction up chaser not aggrieved by the award Summary dismissal by Appellate Tribunal Validity Right of appeal Industrial Disputes Appellate Tribunal Act z950 of of z950 a zip Companies Act z956 a of z956 a 457', 'the discharged employees of the Company in liquidation raised an industrial dispute wherein the auction purchaser of the Company was also pleaded as a party', 'the Tribunal inter asia held that no relationship of employer and employee existed between the auction purchaser and the to old staff who had been discharged prior to the purchase of the business and the reference so far as the auction purchaser was concerned was incompetent']
[2024-12-15 15:01:08,674]: INFO: text_preprocessing: Text processed successfully. Text: ['of SUPREME COURT REPORTS 1960 a', '1959 Great indian Motor Works Ltd and A not her a their E1nployees and others Sinha', 'in our opinion therefore the Labour Appellate Tribunal was not in error in dismissing the appeal by the Company and by the auction purchaser as in competent', 'it follows therefore that we are not con in view of the corned with the merits of the appeal', 'fact that we have not expressed any opinion on the merits of the controversy raised in the abortive appeal this dismissal shall be without prejudice to the appel plants rights if any', 'the appeal is accordingly dis missed but the parties here are directed to bear their own costs in view of the fact that we have not gone into the merits of the controversy', 'Appeal clismi8ser a', '1959 Jt aye', 'MESSRS ISPAHANI LTD CALCUTTA a ISP AHANI EMPLOYEES UNION B P SINHA P B GAJENDRAGADKAR and K N WANCHOO JJ', 'Industrial Dispute Puja Bonus Implied agreement Tes Benefits arising out of service with employer a predecessors Worlmten if entitled to']
[2024-12-15 15:01:08,674]: INFO: text_preprocessing: Text processed successfully. Text: ['of SUPREME COUI T REPORTS 1960 a I959 May6', 'PHULBARI TEA ESTATE a ITS WORKMEN B P SINHA P B GAJENDRAGADKAR and K N a ANCHOO JJ', 'Industrial Dispute Tribunal Question of competency when can be raised Dismissal of workmen on enquiry Rule of natural justice Defect in procedure if curable Industrial Disputes Act I4 of r947 a a', 'two workmen Das and another were arrested by the police on the complaint of the appellant company for an alleged theft', 'the manager held an enquiry and dismissed Das from service for gross misconduct', 'it the enquiry Das stated that he had nothing to say and knew nothing about the theft', 'Certain persons whose statements had been recorded by the manager at the investigation stage in the absence of Das were present at the said enquiry', 'Das was told to ask those persons what they had to say though he was neither supplied with the copies of the statements made by them nor the statements were read over to him at the time of the enquiry', 'Das replied that he would not put any questions to them', 'whereupon these witnesses were asked whether the evil once they had given before the manager was correct and if not they were at liberty to amend it to which they replied that the evidence they had given was correct']
[2024-12-15 15:01:08,674]: INFO: text_preprocessing: Text processed successfully. Text: ['a a C R', 'SUPREME COURT REPORTS of before the Tribunal was to produce the statements recorded by the manager during what we have called Phulbari Tea Estati investigation', 'this left the matters where they were and Das had never an support unity of questioning the witnesses after knowing in full what they had stated against him', 'in these circumstances we are of opinion that the few ling of to he rrilmnal that the enquiry in this case was not proper is correct and must stand', 'a its Workmen Wanchoo J x959 Ve therefore dismiss tow appeal', 'be should however like to make it clear turn the order of tow Tribunal fixing grant of compcnsa ion till the date of payment must be taken to be limited to the sum of Rs', 'of 125 which has been deposited in this Court in pursuance of this Court a order of April of 1957 and Das will not be entitled to of anything more as further stay of payment was pursuant to the order of this in the circumstances we are of opinion that Court', 'the parties should hear their own posts of this Court', 'Appeal dismissed', 'THE a ORD KRISHNA SUGAR MILV3 LTD AND ANOTHER a THE UNION OF INDIA AND ANOTH all ARE and connected petition B a']
[2024-12-15 15:01:08,674]: INFO: text_preprocessing: Text processed successfully. Text: ['S C R', 'SUPREME COURT REPORTS of NARAYANDAS BHAGWANDAS MADHAVDAS a THE STATE OF WEST BENGAL JAFAR IMAM and J L KAPUR JJ', 'I959 May7', 'Criminal TriaJ Cognizance of and offence when taken issue a of search warrant and warrant of arr st if amount to taking cognize once Attempt in to the currency notes out of India Foreign Exchange Regulation Act r947 VII of r947 is', 're a and of a', 'Code of Criminal Procedure r898 V of r898 is', 're re 200 203 and 204', 'in September a 1952 the appellant went to Dum Dum Aerodrome to board a plane for Hong Kong', 'in his search by the customs authorities a sum of Rs', 'of 000 was recovered from him which he had not declared in his declaration form and for which he had no permit from the Reserve Bank of India for taking out of India']
[2024-12-15 15:01:08,674]: INFO: text_preprocessing: Text processed successfully. Text: ['S C R', 'SUPREME COURT REPORTS 107 THE GRAHAM TRADING CO INDIA LTD a ITS WORKMEN B P SINHA P B GAJENDRAGADKAR and K N WANCHOO JJ', 'I959 May7 Industrial Dispute Puja Bonus Customary and traditional payment of Test', 'the appellant had been paying puma bonus to its workmen continuously from 1940 to 1952 at the rate of one month a wages', 'from 1948 to 1952 the appellant whenever it paid this bonus made it clear that it was sex gratis payment and would not constr tue any precedent in future years', 'the dispute arose regarding the payment of bonus in 1953 the workmen claimed that the sole object of bonus which had been granted to them unto that year was to meet puma expenses and that the payment of this bonus had become customary and a term of employment', 'the appel last contended that payments in the past years had been entirely sex gratis and as there was loss in 1953 no sex gratis payment could be made in that year', 'Held that the workmen were not entitled to puma bonus as an implied term of employment for an implied agreement could not be inferred when the appellant had made it clear that the payments from 1948 to 1952 were sex gratis but they were entitled to puma bonus on the basis that it was a customary and traditional payment', 'in determining whether the payment was customary and traditional the following circumstances have to be established i that the payment has been made over an unbroken series of years ii that it has been for a sufficiently long period the period has to be longer than in the case of an implied term of employment iii that it has been paid even in years of loss and did not depend on the earning of profits and in that the payment has been made at a uniform rate throughout', 'the fact that the employer made the payment sex gratis made no difference nor did unilateral declarations of one party inconsistent with the course of conduct adopted by it matter']
[2024-12-15 15:01:08,674]: INFO: text_preprocessing: Text processed successfully. Text: ['r959 fay a', '114 SUPREME COURT REPORTS 1960 a THE COM HISSIOXJ JR OF INCOME TAX BOMBAY a H ANCHHODDAS KARSONDAS BOMBAY S R DAS C J N H BHAGWATT and M HIDAYATULLAH JJ', 'I11comc tax a return shozrii no income below minimum taxable Tl hither a good return Inco111e tax Oj ctr ignoring such return and issue in notice to assessed to i it return Assessment name within one year of notice but be bond four years of the end of the a asscss1nent year Validity of indian Income tax Act 1922 XI of r922 is', 'of and of', 'a public notice under a of a of the Income tax Act 1922 was published on May a 1945 requiring every person whose total income excel ended the maximum amount which as not charge able to income tax to file returns for the ass ismcnt year 1945 of', 'in January a 1950 the assessed submitted a voluntary return she ting an income of Rs a 935 for the assessment year 1945 of and add a a footnote to the return that his wife a a sold her old ornaments and deposited a sum of Rs', 'of 026 with the Assar Syndicate in Yhich he as a partner', 'the Income tax Officer who had discovered these credits Vhi1e examining the accounts of the J star Syndicate ignored the voluntary return and on F february of 1950 issued a notice under a of a of the Act calling upon the assessed to submit his return', 'in larch J4 I950 the assess submitted an identical return', 'the Income tax Officer ina la the assessment on February of 1951 and included the sun of a a of 026 in the total iconic of the assessed']
[2024-12-15 15:01:08,674]: INFO: text_preprocessing: Text processed successfully. Text: ['126 SUPREME COUR T REPORTS 1960 a Moy a JNANENDRA NATH GHOSE a THE STATE OF VEST BENGAL SYED JAFER IMAM AND J L KAPUR JJ', 'a you by trial M isdirecti01i A approver Reliability C orrobora jon a indian Evidence Act I872 a of I872 a I33 the appellant was tried on a charge of murder by the Sessions Judge with the aid of a jury', 'the evidence against him consisted of the testimony of an approver and the proof of corroborative circumstances tending to connect him with the crime', 'the jury found the appellant guilty and the Sessions Judge accepting the verdict sentenced him to imprisonment for life', 'in appeal to the High Court was dismissed as that Court found no misdirection in the charge to the jury', 'the appellant contended that there was misdirection in the charge to the jury in that the jury was not told as laid down in Sarwan Singh a the State of Punjab 1957 S C R', '953 that the approver a evidence had to satisfy a double test i a he must be a reliable witness and his evidence must receive sufficient corroboration and in that the corroborating evidence was not sufficient to connect the appellant with the crime', 'Held that there were no misdirection in the charge', 'the observations in Sarwan Singh a case that it must be shown that the approver was a reliable witness were made in the special circumstances of that case where the approver had definitely been found to be so thoroughly discrepant as to be wholly unreliable', 'in the present case there was nothing to show that the evidence of the approver was in any way unreliable']
[2024-12-15 15:01:08,683]: INFO: text_preprocessing: Text processed successfully. Text: ['z959 Moy a', 'S C R', 'SUPREME COURT REPORTS 137 SHRI B P HIRA WORKS MANAGER CENTRAL RAILWAY PAREL BOMBAY E1 C a SHRI C M PRADHAN ETC', 'B P SINHA P B GAJENDRAGADKAR and K N W ANCHOO JJ', 'Overtime Wages Claim by employees in railway factory Validity F factories Act z948 LXIII of z948 is', 'a a of the Bombay Shops and Establishments Act z948 Bom', 'of of z948', 'SS a of', 'these appeals by special leave arose from applications made by the respondents who were employed as timekeepers in the time office of the Central Railway Workshop and Factory Parel Bombay claiming payment of overtime wages under the Payment of Wages Act 1936 a of 1936', 'the case of the respondents was that they were workers within the meaning of a a a of the Factories Act 1948 LXIII of 1948 and as such were entitled to overtime wages under a of of the said Act']
[2024-12-15 15:01:08,683]: INFO: text_preprocessing: Text processed successfully. Text: ['SECURITIES AND EXCHANGE BOARD OF INDIA DIRECTIONS UNDER SECTION of a AND 11B READ WITH REGULATION of OF SEBI PROHIBITION OF FRAUDULENT AND UNFAIR TRADE PRACTICES RELATING TO THE SECURITIES MARKET REGULATIONS 2003 AGAINST BIYANI SECURITIES PVT', 'LTD AND SHRI HARISH BIYANI IN THE MATTER OF IRREGULAR TRANSACTIONS IN THE SCRIP OF DSQ INDUSTRIES LTD a a BACKGROUND a a Biyani Securities Pvt', 'Ltd and Shri Harish Biyani are former members of Calcutta Stock Exchange CSE', 'a a DSQ Industries Ltd was formerly known as Lexus Exports Ltd DSQ Industries now known as Jardine Overseas Ltd is a group company of Shri Dinesh Dalmia main promoter of DSQ Software', 'its shares are listed on the Calcutta Stock Exchange', 'DSQ Industries has its registered office address at of of Chowringhee Terrace Calcutta 700 020 and corporate office address is at 407 408 G R', 'Complex Anna Salai Nandanam Chennai 600 035', 'a a SEBI conducted investigation into the trading in the shares of DSQ Industries Ltd and the following was observed the total paid up share capital of DSQ Industries Ltd was Rs', 'of of of 160 consisting of a of of 916 shares of Rs', 'of each']
[2024-12-15 15:01:08,683]: INFO: text_preprocessing: Text processed successfully. Text: ['THE PREVENTION OF MONEY LAUNDERING MAINTENANCE OF RECORDS RULES 20051 in exercise of the powers conferred by sub section a read with clause a clause i clause a and clause a of sub section a of section of of the Prevention of Money laundering Act 2002 of of 2003 in consultation with the of records of Reserve Bank of India hereby makes the following the nature and value of transactions and time for furnishing of information and verification of records of the identity of the clients of the banking companies the procedure and manner of maintaining the central Government rules for', 'maintenance and intermediaries institutions financial namely a', 'short title and commencement a these rules may be called the a prevention of Money laundering Maintenance of Records Rules 2005', 'a they shall come into force on the date of their publication in the Official Gazette', 'a', 'definitions a in these rules unless the context otherwise requires a Act means of of 2003 the prevention of Money laundering Act 2002 a a Central KYCRecords Registry means a reporting entity substantially owned and controlled by the central Government and authorised by that Government through a notification in the Official Gazette to receive store safeguard and retrieve the KYC records in digital form of a client as referred to in clause a in such manner and to perform such other functions as may be required under these rules a aka Aadhaar number means an identification number as defined under targeted Delivery of sub section a of section a of the Aadhaar Financial and other Subsidies Benefits and Services Act 2016 a lab authentication means the process as defined under sub section a of section a of the Aadhaar Targeted Delivery of Financial and other Subsidies Benefits and Services Act 2016 a mac Resident means an individual as defined under sub section a of section a of the Aadhaar Targeted Delivery of Financial and other Subsidies Benefits and Services Act 2016 a', 'Vide G a R', '444 E dated st July 2005 published in the Gazette of India Extra Pt', 'II Sec', 'a i dated st July 2005']
[2024-12-15 15:01:08,721]: INFO: stage_03_text_preprocessing: Text processing completed successfully.
[2024-12-15 15:01:16,755]: INFO: common: YAML file 'config\config.yaml' loaded successfully.
[2024-12-15 15:01:16,759]: INFO: common: YAML file 'params.yaml' loaded successfully.
[2024-12-15 15:01:16,759]: INFO: common: Directory already exists at: artifacts
[2024-12-15 15:01:21,158]: INFO: SentenceTransformer: Use pytorch device_name: cuda
[2024-12-15 15:01:21,158]: INFO: SentenceTransformer: Load pretrained SentenceTransformer: paraphrase-MiniLM-L6-v2
[2024-12-15 15:01:24,066]: INFO: common: YAML file 'config\config.yaml' loaded successfully.
[2024-12-15 15:01:24,067]: INFO: common: YAML file 'params.yaml' loaded successfully.
[2024-12-15 15:01:24,070]: INFO: common: Directory already exists at: artifacts
[2024-12-15 15:01:24,070]: INFO: stage_04_keyword_extraction: Starting the keyword extraction process.
[2024-12-15 15:01:29,239]: INFO: loader: Loading faiss with AVX512 support.
[2024-12-15 15:01:29,239]: INFO: loader: Could not load library with AVX512 support due to:
ModuleNotFoundError("No module named 'faiss.swigfaiss_avx512'")
[2024-12-15 15:01:29,239]: INFO: loader: Loading faiss with AVX2 support.
[2024-12-15 15:01:29,239]: INFO: loader: Loading faiss with AVX512 support.
[2024-12-15 15:01:29,241]: INFO: loader: Could not load library with AVX512 support due to:
ModuleNotFoundError("No module named 'faiss.swigfaiss_avx512'")
[2024-12-15 15:01:29,241]: INFO: loader: Loading faiss with AVX2 support.
[2024-12-15 15:01:29,242]: INFO: loader: Loading faiss with AVX512 support.
[2024-12-15 15:01:29,242]: INFO: loader: Could not load library with AVX512 support due to:
ModuleNotFoundError("No module named 'faiss.swigfaiss_avx512'")
[2024-12-15 15:01:29,242]: INFO: loader: Loading faiss with AVX2 support.
[2024-12-15 15:01:29,342]: INFO: loader: Successfully loaded faiss with AVX2 support.
[2024-12-15 15:01:29,354]: INFO: loader: Successfully loaded faiss with AVX2 support.
[2024-12-15 15:01:29,580]: INFO: loader: Successfully loaded faiss with AVX2 support.
[2024-12-15 15:01:34,498]: INFO: keyword_extraction: Keywords extracted successfully. keywords: ['SUPREME COURT REPORTS', 'Income tax Act', 'Basanti Cotton Mills', 'judgment high Court', 'High Court Tribunal', 'Appellate Assistant Commissioner', 'Act Appellate Tribunal', 'TAX WEST BENGAL']
[2024-12-15 15:01:34,504]: INFO: keyword_extraction: Keywords extracted successfully. keywords: ['Sir Kameshwar Singh', 'State Bihar Maharaja', 'SUPREME COURT REPORTS', 'entry List III', 'Maharaja dhiraja Sir', 'Land Reforms Act', 'State State acts', 'Constitution Legislature State', 'Act Bihar Act', 'Part III Constitution', 'STATE BIHAR', 'Bihar Government Act', 'Parliament State Legislatures', 'List III Seventh']
[2024-12-15 15:01:34,504]: INFO: keyword_extraction: Keywords extracted successfully. keywords: ['CONSTITUTION INDIA Part', 'Seventh Amendment Act', 'House Legislature State', 'India Government State', 'State legislative Council', 'Chairman Council states', 'State Act State', 'House Parliament House', 'Consolidated Fund State']
[2024-12-15 15:01:34,504]: INFO: keyword_extraction: Keywords extracted successfully. keywords: ['ornithine orwithboth Explanation', 'shallbepunishedwithimprisonmentofeitherdescriptionforatermwhichmayextendtotwoyears ornithine orwithboth', 'Explanation Forthepurposesofthissub section', 'section section section', 'Explanation Itisnotessentialtocounterfeitingthattheimitationshouldbeexact Explanation', 'Explanation Theabetmentoftheillegalomissionofanactmayamounttoanoffencealthoughtheabettormaynothimselfbeboundtodothatact Explanation', 'Explanation Itmayamounttodefamationtomakeanimputationconcerningacompanyoranassociationorcollectionofpersonsassuch Explanation', 'orwithboth Whoevercommitsanoffencespecifiedinsub section', 'Explanation Itisaquestionoffactinsuchacasewhethertheharmtobepreventedoravoidedwasofsuchanatureandsoimminentastojustifyorexcusetheriskofdoingtheactwiththeknowledgethatitwaslikelytocauseharm Illustrations', 'Explanation Adishonestmisappropriationforatimeonlyisamisappropriationwithinthemeaningofthissection Illustration', 'Explanation Theoffenceiscommittedwhethertheindividualpersonatedisarealorimaginaryperson Illustrations', 'Explanation Aperformancemaybesubmittedtothejudgmentofthepublicexpresslyorbyactsonthepartoftheauthorwhichimplysuchsubmissiontothejudgmentofthepublic Illustrations', 'orwithsuchfineasisprovidedfortheoffence orwithboth illustrations', 'orwithboth Explanation Thissectionisnotintendedtopreventthetrialoftheoffenderformurderorculpablehomicide', 'orwithboth Providedthatbriberybytreatingshallbepunishedwithfineonly Explanation', 'orwithboth Explanation Ifapersonestablishesthepossessionoftheforgedorcounterfeitcoin']
[2024-12-15 15:01:34,504]: INFO: keyword_extraction: Keywords extracted successfully. keywords: ['Human Resource Management', 'Chief General Manager', 'Smt Charulatha Kar', 'Manager Puneet Pancholy', 'Communication Human Resource', 'RESERVE BANK INDIA']
[2024-12-15 15:01:34,504]: INFO: keyword_extraction: Keywords extracted successfully. keywords: ['SUPREME COURT REPORTS', 'TATA OIL MILLS', 'Full Bench formula', 'Oil Mills Tribunal', 'Bombay Rashtriya Mill', 'REPORTS TATA OIL', 'Mill Mazdoor Sangh', 'Industrial Tribunal Bombay', 'Mill Owners Association', 'Court Muir Mills', 'Industrial Disputes Appellate', 'works Tata Oil']
[2024-12-15 15:01:34,504]: INFO: keyword_extraction: Keywords extracted successfully. keywords: ['Appellate Tribunal Act', 'SUPREME COURT REPORTS', 'Industrial Disputes Appellate', 'Official Liquidators Company', 'INDIAN MOTOR WORKS', 'Calcutta High Court', 'Act Companies Act', 'company Industrial Tribunal', 'auction purchaser Company', 'Bus Workers Union']
[2024-12-15 15:01:34,504]: INFO: keyword_extraction: Keywords extracted successfully. keywords: ['SUPREME COURT REPORTS', 'Labour Appellate Tribunal', 'rendered Messrs Ispahani', 'Mahalaxmi Cotton Mills', 'MESSRS ISPAHANI', 'Calcutta Ispahani Employees', 'Tribunal India Calcutta', 'Union Industrial Tribunal']
[2024-12-15 15:01:34,504]: INFO: keyword_extraction: Keywords extracted successfully. keywords: ['SUPREME COURT REPORTS', 'Industrial Disputes Act', 'PHULBARI TEA ESTATE', 'Judge high Court', 'Export Promotion Act', 'Tea Estate Das', 'Court district judge', 'Transport Phulbari Tea', 'Supreme Court Held', 'Shri Hazarika tribunal', 'Government Assam March', 'Tribunal Act Held', 'Judge Lower Assam', 'Das Messrs Basa', 'Das asked question']
[2024-12-15 15:01:34,504]: INFO: keyword_extraction: Keywords extracted successfully. keywords: ['SUPREME COURT REPORTS', 'Essential Commodities Act', 'Krishna Sugar Mills', 'Sugar Mills Association', 'Act Sugar Control', 'Act central Government', 'sugar India SUPREME', 'Government Act Order', 'Act export sugar', 'agency Act SUPREME', 'Export Promotion Act', 'Union export Act', 'sugar Act payments', 'delivered sugar Act', 'Act earlier Act', 'Union deg India', 'imposed impugned Act']
[2024-12-15 15:01:34,504]: INFO: keyword_extraction: Keywords extracted successfully. keywords: ['Additional District Magistrate', 'Exchange Regulation Act', 'SUPREME COURT REPORTS', 'West Bengal Imam', 'Reserve Bank India', 'STATE WEST BENGAL', 'NARAYANDAS BHAGWANDAS MADHAVDAS', 'MADHAVDAS STATE WEST', 'Code Criminal Procedure', 'Magistrate September September', 'Court high Court']
[2024-12-15 15:01:34,504]: INFO: keyword_extraction: Keywords extracted successfully. keywords: ['SUPREME COURT REPORTS', 'implied term employment', 'Labour Appellate Tribunal', 'Government West Bengal', 'Industrial Tribunal West', 'month bonus paid', 'sex gratis payment', 'Cottan Mills case', 'Tribunal Calcutta Appeal', 'India Ltdi Workmen', 'customary puma bonus', 'Bengal Chamber Commerce', 'Mills Workers Union']
[2024-12-15 15:01:34,504]: INFO: keyword_extraction: Keywords extracted successfully. keywords: ['Income tax Officer', 'SUPREME COURT REPORTS', 'Bombay High Court', 'INCOME TAX BOMBAY', 'Commissioner Income tax', 'Ranchhoddas Karsondas Bombay', 'Court Judicature Bombay', 'Act Calcutta High', 'return showing income']
[2024-12-15 15:01:34,504]: INFO: keyword_extraction: Keywords extracted successfully. keywords: ['SUPREME COURT REPORTS', 'State West Bengal', 'NATH GHOSE STATE', 'Gorain Sudhir Gorain', 'Sarwan Singh State', 'Sessions Judge Birbhum', 'nanendra Nath Ghose', 'High Court Court', 'Calcutta high Court', 'accused committed crime']
[2024-12-15 15:01:34,504]: INFO: keyword_extraction: Keywords extracted successfully. keywords: ['provisions Factories Act', 'SUPREME COURT REPORTS', 'Shops Establishments Act', 'Payment Wages Act', 'Act Act entitled', 'Wages Act Bombay', 'Factories Act applicable', 'Act employees factories', 'Act authority respondents', 'Pradharl Act Authority', 'entitled overtime wages']
[2024-12-15 15:01:34,504]: INFO: keyword_extraction: Keywords extracted successfully. keywords: ['SHRI HARISH BIYANI', 'buy sell buy', 'BIYANI SECURITIES PVT', 'Biyani Biyani Securities', 'Harish Biyani sell', 'rathyatrasa rathyatrasa rathyatrasa', 'broker Shri Harish', 'shares DSQ Industries']
[2024-12-15 15:01:34,504]: INFO: keyword_extraction: Keywords extracted successfully. keywords: ['Permanent Account Number', 'Aadhaar number Permanent', 'Central KYC Records', 'Records Rule Rules', 'LAUNDERING MAINTENANCE RECORDS', 'PREVENTION MONEY LAUNDERING', 'rule prevention Money', 'banking company financial', 'rule rule Director', 'KYC records Central', 'financial institution intermediary', 'number client Aadhaar', 'Director Principal Officer', 'Maintenance Records Identity', 'officially valid document']
[2024-12-15 15:01:34,538]: INFO: stage_04_keyword_extraction: Keyword extraction completed successfully.
[2024-12-15 15:01:42,564]: INFO: common: YAML file 'config\config.yaml' loaded successfully.
[2024-12-15 15:01:42,571]: INFO: common: YAML file 'params.yaml' loaded successfully.
[2024-12-15 15:01:42,572]: INFO: common: Directory already exists at: artifacts
[2024-12-15 15:01:46,252]: INFO: SentenceTransformer: Use pytorch device_name: cuda
[2024-12-15 15:01:46,252]: INFO: SentenceTransformer: Load pretrained SentenceTransformer: paraphrase-MiniLM-L6-v2
[2024-12-15 15:02:27,644]: INFO: common: YAML file 'config\config.yaml' loaded successfully.
[2024-12-15 15:02:27,647]: INFO: common: YAML file 'params.yaml' loaded successfully.
[2024-12-15 15:02:27,648]: INFO: common: Directory already exists at: artifacts
[2024-12-15 15:02:31,270]: INFO: SentenceTransformer: Use pytorch device_name: cuda
[2024-12-15 15:02:31,270]: INFO: SentenceTransformer: Load pretrained SentenceTransformer: paraphrase-MiniLM-L6-v2
[2024-12-15 15:02:51,872]: INFO: common: YAML file 'config\config.yaml' loaded successfully.
[2024-12-15 15:02:51,875]: INFO: common: YAML file 'params.yaml' loaded successfully.
[2024-12-15 15:02:51,876]: INFO: common: Directory already exists at: artifacts
[2024-12-15 15:02:55,448]: INFO: SentenceTransformer: Use pytorch device_name: cuda
[2024-12-15 15:02:55,448]: INFO: SentenceTransformer: Load pretrained SentenceTransformer: paraphrase-MiniLM-L6-v2
[2024-12-15 15:03:25,816]: INFO: common: YAML file 'config\config.yaml' loaded successfully.
[2024-12-15 15:03:25,819]: INFO: common: YAML file 'params.yaml' loaded successfully.
[2024-12-15 15:03:25,820]: INFO: common: Directory already exists at: artifacts
[2024-12-15 15:03:29,400]: INFO: SentenceTransformer: Use pytorch device_name: cuda
[2024-12-15 15:03:29,400]: INFO: SentenceTransformer: Load pretrained SentenceTransformer: paraphrase-MiniLM-L6-v2
[2024-12-15 15:05:00,466]: INFO: loader: Loading faiss with AVX512 support.
[2024-12-15 15:05:00,466]: INFO: loader: Could not load library with AVX512 support due to:
ModuleNotFoundError("No module named 'faiss.swigfaiss_avx512'")
[2024-12-15 15:05:00,466]: INFO: loader: Loading faiss with AVX2 support.
[2024-12-15 15:05:00,482]: INFO: loader: Successfully loaded faiss with AVX2 support.
[2024-12-15 15:05:01,691]: INFO: common: YAML file 'config\config.yaml' loaded successfully.
[2024-12-15 15:05:01,701]: INFO: common: YAML file 'params.yaml' loaded successfully.
[2024-12-15 15:05:01,701]: INFO: common: Directory already exists at: artifacts
[2024-12-15 15:05:07,539]: INFO: SentenceTransformer: Use pytorch device_name: cuda
[2024-12-15 15:05:07,539]: INFO: SentenceTransformer: Load pretrained SentenceTransformer: paraphrase-MiniLM-L6-v2
[2024-12-15 15:05:13,029]: INFO: common: YAML file 'config\config.yaml' loaded successfully.
[2024-12-15 15:05:13,034]: INFO: common: YAML file 'params.yaml' loaded successfully.
[2024-12-15 15:05:13,034]: INFO: common: Directory already exists at: artifacts
[2024-12-15 15:05:17,120]: INFO: SentenceTransformer: Use pytorch device_name: cuda
[2024-12-15 15:05:17,120]: INFO: SentenceTransformer: Load pretrained SentenceTransformer: paraphrase-MiniLM-L6-v2
[2024-12-15 15:06:14,015]: INFO: common: YAML file 'config\config.yaml' loaded successfully.
[2024-12-15 15:06:14,015]: INFO: common: YAML file 'params.yaml' loaded successfully.
[2024-12-15 15:06:14,015]: INFO: common: Directory already exists at: artifacts
[2024-12-15 15:06:17,767]: INFO: SentenceTransformer: Use pytorch device_name: cuda
[2024-12-15 15:06:17,777]: INFO: SentenceTransformer: Load pretrained SentenceTransformer: paraphrase-MiniLM-L6-v2
[2024-12-15 15:06:45,397]: INFO: loader: Loading faiss with AVX512 support.
[2024-12-15 15:06:45,397]: INFO: loader: Could not load library with AVX512 support due to:
ModuleNotFoundError("No module named 'faiss.swigfaiss_avx512'")
[2024-12-15 15:06:45,404]: INFO: loader: Loading faiss with AVX2 support.
[2024-12-15 15:06:45,418]: INFO: loader: Successfully loaded faiss with AVX2 support.
[2024-12-15 15:06:46,877]: INFO: common: YAML file 'config\config.yaml' loaded successfully.
[2024-12-15 15:06:46,879]: INFO: common: YAML file 'params.yaml' loaded successfully.
[2024-12-15 15:06:46,879]: INFO: common: Directory already exists at: artifacts
[2024-12-15 15:06:54,821]: INFO: SentenceTransformer: Use pytorch device_name: cuda
[2024-12-15 15:06:54,821]: INFO: SentenceTransformer: Load pretrained SentenceTransformer: paraphrase-MiniLM-L6-v2
[2024-12-15 15:07:28,160]: INFO: common: YAML file 'config\config.yaml' loaded successfully.
[2024-12-15 15:07:28,167]: INFO: common: YAML file 'params.yaml' loaded successfully.
[2024-12-15 15:07:28,168]: INFO: common: Directory already exists at: artifacts
[2024-12-15 15:07:32,356]: INFO: SentenceTransformer: Use pytorch device_name: cuda
[2024-12-15 15:07:32,357]: INFO: SentenceTransformer: Load pretrained SentenceTransformer: paraphrase-MiniLM-L6-v2
[2024-12-15 15:07:43,793]: INFO: common: YAML file 'config\config.yaml' loaded successfully.
[2024-12-15 15:07:43,796]: INFO: common: YAML file 'params.yaml' loaded successfully.
[2024-12-15 15:07:43,797]: INFO: common: Directory already exists at: artifacts
[2024-12-15 15:07:47,413]: INFO: SentenceTransformer: Use pytorch device_name: cuda
[2024-12-15 15:07:47,413]: INFO: SentenceTransformer: Load pretrained SentenceTransformer: paraphrase-MiniLM-L6-v2
[2024-12-15 15:08:20,663]: INFO: common: YAML file 'config\config.yaml' loaded successfully.
[2024-12-15 15:08:20,663]: INFO: common: YAML file 'params.yaml' loaded successfully.
[2024-12-15 15:08:20,663]: INFO: common: Directory already exists at: artifacts
[2024-12-15 15:08:24,871]: INFO: SentenceTransformer: Use pytorch device_name: cuda
[2024-12-15 15:08:24,871]: INFO: SentenceTransformer: Load pretrained SentenceTransformer: paraphrase-MiniLM-L6-v2
[2024-12-15 15:08:43,071]: INFO: loader: Loading faiss with AVX512 support.
[2024-12-15 15:08:43,071]: INFO: loader: Could not load library with AVX512 support due to:
ModuleNotFoundError("No module named 'faiss.swigfaiss_avx512'")
[2024-12-15 15:08:43,071]: INFO: loader: Loading faiss with AVX2 support.
[2024-12-15 15:08:43,106]: INFO: loader: Successfully loaded faiss with AVX2 support.
[2024-12-15 15:08:44,404]: INFO: common: YAML file 'config\config.yaml' loaded successfully.
[2024-12-15 15:08:44,408]: INFO: common: YAML file 'params.yaml' loaded successfully.
[2024-12-15 15:08:44,408]: INFO: common: Directory already exists at: artifacts
[2024-12-15 15:08:48,255]: INFO: common: YAML file 'config\config.yaml' loaded successfully.
[2024-12-15 15:08:48,257]: INFO: common: YAML file 'params.yaml' loaded successfully.
[2024-12-15 15:08:48,257]: INFO: common: Directory already exists at: artifacts
[2024-12-15 15:08:50,969]: INFO: SentenceTransformer: Use pytorch device_name: cuda
[2024-12-15 15:08:50,969]: INFO: SentenceTransformer: Load pretrained SentenceTransformer: paraphrase-MiniLM-L6-v2
[2024-12-15 15:08:52,121]: INFO: SentenceTransformer: Use pytorch device_name: cuda
[2024-12-15 15:08:52,121]: INFO: SentenceTransformer: Load pretrained SentenceTransformer: paraphrase-MiniLM-L6-v2
[2024-12-15 15:09:34,942]: INFO: common: YAML file 'config\config.yaml' loaded successfully.
[2024-12-15 15:09:34,945]: INFO: common: YAML file 'params.yaml' loaded successfully.
[2024-12-15 15:09:34,945]: INFO: common: Directory already exists at: artifacts
[2024-12-15 15:09:39,082]: INFO: SentenceTransformer: Use pytorch device_name: cuda
[2024-12-15 15:09:39,082]: INFO: SentenceTransformer: Load pretrained SentenceTransformer: paraphrase-MiniLM-L6-v2
[2024-12-15 15:11:01,146]: INFO: loader: Loading faiss with AVX512 support.
[2024-12-15 15:11:01,146]: INFO: loader: Could not load library with AVX512 support due to:
ModuleNotFoundError("No module named 'faiss.swigfaiss_avx512'")
[2024-12-15 15:11:01,146]: INFO: loader: Loading faiss with AVX2 support.
[2024-12-15 15:11:01,179]: INFO: loader: Successfully loaded faiss with AVX2 support.
[2024-12-15 15:11:03,354]: INFO: common: YAML file 'config\config.yaml' loaded successfully.
[2024-12-15 15:11:03,361]: INFO: common: YAML file 'params.yaml' loaded successfully.
[2024-12-15 15:11:03,361]: INFO: common: Directory already exists at: artifacts
[2024-12-15 15:11:10,084]: INFO: SentenceTransformer: Use pytorch device_name: cuda
[2024-12-15 15:11:10,089]: INFO: SentenceTransformer: Load pretrained SentenceTransformer: paraphrase-MiniLM-L6-v2
[2024-12-15 15:11:16,345]: INFO: common: YAML file 'config\config.yaml' loaded successfully.
[2024-12-15 15:11:16,351]: INFO: common: YAML file 'params.yaml' loaded successfully.
[2024-12-15 15:11:16,352]: INFO: common: Directory already exists at: artifacts
[2024-12-15 15:11:21,180]: INFO: SentenceTransformer: Use pytorch device_name: cuda
[2024-12-15 15:11:21,180]: INFO: SentenceTransformer: Load pretrained SentenceTransformer: paraphrase-MiniLM-L6-v2
[2024-12-15 15:11:24,093]: INFO: common: YAML file 'config\config.yaml' loaded successfully.
[2024-12-15 15:11:24,093]: INFO: common: YAML file 'params.yaml' loaded successfully.
[2024-12-15 15:11:24,093]: INFO: common: Directory already exists at: artifacts
[2024-12-15 15:11:24,093]: INFO: stage_05_text_processing: Starting the text summarization process.
[2024-12-15 15:11:24,303]: INFO: stage_05_text_processing: Processing document for chunking.
[2024-12-15 15:11:24,303]: WARNING: text_processing: Input is a single string, splitting into sentences.
[2024-12-15 15:11:24,303]: INFO: text_processing: Processing 184 phrases
[2024-12-15 15:11:25,059]: INFO: stage_05_text_processing: Generating embeddings for document chunks.
[2024-12-15 15:12:04,010]: INFO: common: YAML file 'config\config.yaml' loaded successfully.
[2024-12-15 15:12:04,013]: INFO: common: YAML file 'params.yaml' loaded successfully.
[2024-12-15 15:12:04,014]: INFO: common: Directory already exists at: artifacts
[2024-12-15 15:12:07,643]: INFO: SentenceTransformer: Use pytorch device_name: cuda
[2024-12-15 15:12:07,643]: INFO: SentenceTransformer: Load pretrained SentenceTransformer: paraphrase-MiniLM-L6-v2
[2024-12-15 15:12:28,258]: INFO: common: YAML file 'config\config.yaml' loaded successfully.
[2024-12-15 15:12:28,260]: INFO: common: YAML file 'params.yaml' loaded successfully.
[2024-12-15 15:12:28,260]: INFO: common: Directory already exists at: artifacts
[2024-12-15 15:12:33,115]: INFO: SentenceTransformer: Use pytorch device_name: cuda
[2024-12-15 15:12:33,115]: INFO: SentenceTransformer: Load pretrained SentenceTransformer: paraphrase-MiniLM-L6-v2
[2024-12-15 15:13:32,153]: INFO: common: YAML file 'config\config.yaml' loaded successfully.
[2024-12-15 15:13:32,153]: INFO: common: YAML file 'params.yaml' loaded successfully.
[2024-12-15 15:13:32,153]: INFO: common: Directory already exists at: artifacts
[2024-12-15 15:13:36,362]: INFO: SentenceTransformer: Use pytorch device_name: cuda
[2024-12-15 15:13:36,362]: INFO: SentenceTransformer: Load pretrained SentenceTransformer: paraphrase-MiniLM-L6-v2
[2024-12-15 15:13:39,220]: INFO: common: YAML file 'config\config.yaml' loaded successfully.
[2024-12-15 15:13:39,220]: INFO: common: YAML file 'params.yaml' loaded successfully.
[2024-12-15 15:13:39,220]: INFO: common: Directory already exists at: artifacts
[2024-12-15 15:13:39,266]: INFO: dictionary: adding document #0 to Dictionary<0 unique tokens: []>
[2024-12-15 15:13:39,266]: INFO: dictionary: built Dictionary<649 unique tokens: ['1008', '1950', 'bar', 'bringing', 'court']...> from 38 documents (total 2179 corpus positions)
[2024-12-15 15:13:39,276]: INFO: utils: Dictionary lifecycle event {'msg': "built Dictionary<649 unique tokens: ['1008', '1950', 'bar', 'bringing', 'court']...> from 38 documents (total 2179 corpus positions)", 'datetime': '2024-12-15T15:13:39.266707', 'gensim': '4.3.3', 'python': '3.11.9 | packaged by Anaconda, Inc. | (main, Apr 19 2024, 16:40:41) [MSC v.1916 64 bit (AMD64)]', 'platform': 'Windows-10-10.0.22631-SP0', 'event': 'created'}
[2024-12-15 15:13:39,277]: INFO: ldamodel: using symmetric alpha at 0.2
[2024-12-15 15:13:39,277]: INFO: ldamodel: using symmetric eta at 0.2
[2024-12-15 15:13:39,278]: INFO: ldamodel: using serial LDA version on this node
[2024-12-15 15:13:39,280]: INFO: ldamodel: running online (single-pass) LDA training, 5 topics, 1 passes over the supplied corpus of 38 documents, updating model once every 38 documents, evaluating perplexity every 38 documents, iterating 50x with a convergence threshold of 0.001000
[2024-12-15 15:13:39,280]: WARNING: ldamodel: too few updates, training might not converge; consider increasing the number of passes or iterations to improve accuracy
[2024-12-15 15:13:39,296]: INFO: ldamodel: -8.056 per-word bound, 266.2 perplexity estimate based on a held-out corpus of 38 documents with 2179 words
[2024-12-15 15:13:39,296]: INFO: ldamodel: PROGRESS: pass 0, at document #38/38
[2024-12-15 15:13:39,309]: INFO: ldamodel: topic #0 (0.200): 0.025*"tax" + 0.024*"court" + 0.022*"income" + 0.020*"facts" + 0.017*"high" + 0.014*"appeal" + 0.012*"act" + 0.011*"tribunal" + 0.010*"section" + 0.009*"case"
[2024-12-15 15:13:39,309]: INFO: ldamodel: topic #1 (0.200): 0.035*"company" + 0.020*"said" + 0.019*"mills" + 0.012*"rs" + 0.010*"agency" + 0.010*"court" + 0.009*"respondents" + 0.008*"section" + 0.008*"cotton" + 0.008*"1950"
[2024-12-15 15:13:39,310]: INFO: ldamodel: topic #2 (0.200): 0.029*"court" + 0.026*"company" + 0.020*"high" + 0.016*"case" + 0.016*"tribunal" + 0.014*"j" + 0.012*"1950" + 0.012*"income" + 0.011*"c" + 0.011*"tax"
[2024-12-15 15:13:39,310]: INFO: ldamodel: topic #3 (0.200): 0.019*"case" + 0.016*"company" + 0.015*"court" + 0.013*"section" + 0.012*"tax" + 0.012*"income" + 0.011*"high" + 0.010*"tribunal" + 0.009*"1950" + 0.009*"order"
[2024-12-15 15:13:39,311]: INFO: ldamodel: topic #4 (0.200): 0.024*"income" + 0.022*"tax" + 0.022*"case" + 0.016*"facts" + 0.015*"court" + 0.014*"company" + 0.013*"high" + 0.012*"business" + 0.010*"tribunal" + 0.010*"j"
[2024-12-15 15:13:39,311]: INFO: ldamodel: topic diff=1.862991, rho=1.000000
[2024-12-15 15:13:39,311]: INFO: utils: LdaModel lifecycle event {'msg': 'trained LdaModel<num_terms=649, num_topics=5, decay=0.5, chunksize=2000> in 0.03s', 'datetime': '2024-12-15T15:13:39.311395', 'gensim': '4.3.3', 'python': '3.11.9 | packaged by Anaconda, Inc. | (main, Apr 19 2024, 16:40:41) [MSC v.1916 64 bit (AMD64)]', 'platform': 'Windows-10-10.0.22631-SP0', 'event': 'created'}
[2024-12-15 15:13:39,311]: INFO: ldamodel: topic #0 (0.200): 0.025*"tax" + 0.024*"court" + 0.022*"income" + 0.020*"facts" + 0.017*"high" + 0.014*"appeal" + 0.012*"act" + 0.011*"tribunal" + 0.010*"section" + 0.009*"case"
[2024-12-15 15:13:39,312]: INFO: ldamodel: topic #1 (0.200): 0.035*"company" + 0.020*"said" + 0.019*"mills" + 0.012*"rs" + 0.010*"agency" + 0.010*"court" + 0.009*"respondents" + 0.008*"section" + 0.008*"cotton" + 0.008*"1950"
[2024-12-15 15:13:39,312]: INFO: ldamodel: topic #2 (0.200): 0.029*"court" + 0.026*"company" + 0.020*"high" + 0.016*"case" + 0.016*"tribunal" + 0.014*"j" + 0.012*"1950" + 0.012*"income" + 0.011*"c" + 0.011*"tax"
[2024-12-15 15:13:39,312]: INFO: ldamodel: topic #3 (0.200): 0.019*"case" + 0.016*"company" + 0.015*"court" + 0.013*"section" + 0.012*"tax" + 0.012*"income" + 0.011*"high" + 0.010*"tribunal" + 0.009*"1950" + 0.009*"order"
[2024-12-15 15:13:39,313]: INFO: ldamodel: topic #4 (0.200): 0.024*"income" + 0.022*"tax" + 0.022*"case" + 0.016*"facts" + 0.015*"court" + 0.014*"company" + 0.013*"high" + 0.012*"business" + 0.010*"tribunal" + 0.010*"j"
